[0.101s] DEBUG:colcon:Command line arguments: ['/usr/bin/colcon', 'build']
[0.101s] DEBUG:colcon:Parsed command line arguments: Namespace(log_base=None, log_level=None, verb_name='build', build_base='build', install_base='install', merge_install=False, symlink_install=False, test_result_base=None, continue_on_error=False, executor='parallel', parallel_workers=8, event_handlers=None, ignore_user_meta=False, metas=['./colcon.meta'], base_paths=['.'], packages_ignore=None, packages_ignore_regex=None, paths=None, packages_up_to=None, packages_up_to_regex=None, packages_above=None, packages_above_and_dependencies=None, packages_above_depth=None, packages_select_by_dep=None, packages_skip_by_dep=None, packages_skip_up_to=None, packages_select_build_failed=False, packages_skip_build_finished=False, packages_select_test_failures=False, packages_skip_test_passed=False, packages_select=None, packages_skip=None, packages_select_regex=None, packages_skip_regex=None, packages_start=None, packages_end=None, allow_overriding=[], cmake_args=None, cmake_target=None, cmake_target_skip_unavailable=False, cmake_clean_cache=False, cmake_clean_first=False, cmake_force_configure=False, ament_cmake_args=None, catkin_cmake_args=None, catkin_skip_building_tests=False, verb_parser=<colcon_defaults.argument_parser.defaults.DefaultArgumentsDecorator object at 0x7d74fd071790>, verb_extension=<colcon_core.verb.build.BuildVerb object at 0x7d74fd18e1b0>, main=<bound method BuildVerb.main of <colcon_core.verb.build.BuildVerb object at 0x7d74fd18e1b0>>)
[0.139s] Level 1:colcon.colcon_core.package_discovery:discover_packages(colcon_meta) check parameters
[0.139s] Level 1:colcon.colcon_core.package_discovery:discover_packages(recursive) check parameters
[0.139s] Level 1:colcon.colcon_core.package_discovery:discover_packages(ignore) check parameters
[0.139s] Level 1:colcon.colcon_core.package_discovery:discover_packages(path) check parameters
[0.139s] Level 1:colcon.colcon_core.package_discovery:discover_packages(colcon_meta) discover
[0.139s] Level 1:colcon.colcon_core.package_discovery:discover_packages(recursive) discover
[0.139s] INFO:colcon.colcon_core.package_discovery:Crawling recursively for packages in '/home/student/catkin_ws'
[0.139s] Level 1:colcon.colcon_core.package_identification:_identify(.) by extensions ['ignore', 'ignore_ament_install']
[0.139s] Level 1:colcon.colcon_core.package_identification:_identify(.) by extension 'ignore'
[0.140s] Level 1:colcon.colcon_core.package_identification:_identify(.) by extension 'ignore_ament_install'
[0.140s] Level 1:colcon.colcon_core.package_identification:_identify(.) by extensions ['colcon_pkg']
[0.140s] Level 1:colcon.colcon_core.package_identification:_identify(.) by extension 'colcon_pkg'
[0.140s] Level 1:colcon.colcon_core.package_identification:_identify(.) by extensions ['colcon_meta']
[0.140s] Level 1:colcon.colcon_core.package_identification:_identify(.) by extension 'colcon_meta'
[0.140s] Level 1:colcon.colcon_core.package_identification:_identify(.) by extensions ['ros']
[0.140s] Level 1:colcon.colcon_core.package_identification:_identify(.) by extension 'ros'
[0.163s] Level 1:colcon.colcon_core.package_identification:_identify(.) by extensions ['cmake', 'python']
[0.164s] Level 1:colcon.colcon_core.package_identification:_identify(.) by extension 'cmake'
[0.164s] Level 1:colcon.colcon_core.package_identification:_identify(.) by extension 'python'
[0.164s] Level 1:colcon.colcon_core.package_identification:_identify(.) by extensions ['python_setup_py']
[0.164s] Level 1:colcon.colcon_core.package_identification:_identify(.) by extension 'python_setup_py'
[0.164s] Level 1:colcon.colcon_core.package_identification:_identify(build) by extensions ['ignore', 'ignore_ament_install']
[0.164s] Level 1:colcon.colcon_core.package_identification:_identify(build) by extension 'ignore'
[0.164s] Level 1:colcon.colcon_core.package_identification:_identify(build) ignored
[0.164s] Level 1:colcon.colcon_core.package_identification:_identify(install) by extensions ['ignore', 'ignore_ament_install']
[0.164s] Level 1:colcon.colcon_core.package_identification:_identify(install) by extension 'ignore'
[0.164s] Level 1:colcon.colcon_core.package_identification:_identify(install) ignored
[0.164s] Level 1:colcon.colcon_core.package_identification:_identify(log) by extensions ['ignore', 'ignore_ament_install']
[0.164s] Level 1:colcon.colcon_core.package_identification:_identify(log) by extension 'ignore'
[0.164s] Level 1:colcon.colcon_core.package_identification:_identify(log) ignored
[0.164s] Level 1:colcon.colcon_core.package_identification:_identify(src) by extensions ['ignore', 'ignore_ament_install']
[0.164s] Level 1:colcon.colcon_core.package_identification:_identify(src) by extension 'ignore'
[0.164s] Level 1:colcon.colcon_core.package_identification:_identify(src) by extension 'ignore_ament_install'
[0.165s] Level 1:colcon.colcon_core.package_identification:_identify(src) by extensions ['colcon_pkg']
[0.165s] Level 1:colcon.colcon_core.package_identification:_identify(src) by extension 'colcon_pkg'
[0.165s] Level 1:colcon.colcon_core.package_identification:_identify(src) by extensions ['colcon_meta']
[0.165s] Level 1:colcon.colcon_core.package_identification:_identify(src) by extension 'colcon_meta'
[0.165s] Level 1:colcon.colcon_core.package_identification:_identify(src) by extensions ['ros']
[0.165s] Level 1:colcon.colcon_core.package_identification:_identify(src) by extension 'ros'
[0.165s] Level 1:colcon.colcon_core.package_identification:_identify(src) by extensions ['cmake', 'python']
[0.165s] Level 1:colcon.colcon_core.package_identification:_identify(src) by extension 'cmake'
[0.165s] Level 1:colcon.colcon_core.package_identification:_identify(src) by extension 'python'
[0.165s] Level 1:colcon.colcon_core.package_identification:_identify(src) by extensions ['python_setup_py']
[0.165s] Level 1:colcon.colcon_core.package_identification:_identify(src) by extension 'python_setup_py'
[0.165s] Level 1:colcon.colcon_core.package_identification:_identify(src/id_publisher) by extensions ['ignore', 'ignore_ament_install']
[0.165s] Level 1:colcon.colcon_core.package_identification:_identify(src/id_publisher) by extension 'ignore'
[0.165s] Level 1:colcon.colcon_core.package_identification:_identify(src/id_publisher) by extension 'ignore_ament_install'
[0.165s] Level 1:colcon.colcon_core.package_identification:_identify(src/id_publisher) by extensions ['colcon_pkg']
[0.165s] Level 1:colcon.colcon_core.package_identification:_identify(src/id_publisher) by extension 'colcon_pkg'
[0.165s] Level 1:colcon.colcon_core.package_identification:_identify(src/id_publisher) by extensions ['colcon_meta']
[0.165s] Level 1:colcon.colcon_core.package_identification:_identify(src/id_publisher) by extension 'colcon_meta'
[0.165s] Level 1:colcon.colcon_core.package_identification:_identify(src/id_publisher) by extensions ['ros']
[0.165s] Level 1:colcon.colcon_core.package_identification:_identify(src/id_publisher) by extension 'ros'
[0.167s] DEBUG:colcon.colcon_core.package_identification:Package 'src/id_publisher' with type 'ros.ament_cmake' and name 'id_publisher'
[0.167s] Level 1:colcon.colcon_core.package_identification:_identify(src/turtlebot_controller) by extensions ['ignore', 'ignore_ament_install']
[0.167s] Level 1:colcon.colcon_core.package_identification:_identify(src/turtlebot_controller) by extension 'ignore'
[0.168s] Level 1:colcon.colcon_core.package_identification:_identify(src/turtlebot_controller) by extension 'ignore_ament_install'
[0.168s] Level 1:colcon.colcon_core.package_identification:_identify(src/turtlebot_controller) by extensions ['colcon_pkg']
[0.168s] Level 1:colcon.colcon_core.package_identification:_identify(src/turtlebot_controller) by extension 'colcon_pkg'
[0.168s] Level 1:colcon.colcon_core.package_identification:_identify(src/turtlebot_controller) by extensions ['colcon_meta']
[0.168s] Level 1:colcon.colcon_core.package_identification:_identify(src/turtlebot_controller) by extension 'colcon_meta'
[0.168s] Level 1:colcon.colcon_core.package_identification:_identify(src/turtlebot_controller) by extensions ['ros']
[0.168s] Level 1:colcon.colcon_core.package_identification:_identify(src/turtlebot_controller) by extension 'ros'
[0.168s] DEBUG:colcon.colcon_core.package_identification:Package 'src/turtlebot_controller' with type 'ros.ament_cmake' and name 'turtlebot_controller'
[0.168s] Level 1:colcon.colcon_core.package_discovery:discover_packages(recursive) using defaults
[0.168s] Level 1:colcon.colcon_core.package_discovery:discover_packages(ignore) discover
[0.168s] Level 1:colcon.colcon_core.package_discovery:discover_packages(ignore) using defaults
[0.168s] Level 1:colcon.colcon_core.package_discovery:discover_packages(path) discover
[0.168s] Level 1:colcon.colcon_core.package_discovery:discover_packages(path) using defaults
[0.184s] Level 1:colcon.colcon_core.package_discovery:discover_packages(prefix_path) check parameters
[0.184s] Level 1:colcon.colcon_core.package_discovery:discover_packages(prefix_path) discover
[0.186s] DEBUG:colcon.colcon_installed_package_information.package_discovery:Found 285 installed packages in /opt/ros/jazzy
[0.187s] Level 1:colcon.colcon_core.package_discovery:discover_packages(prefix_path) using defaults
[0.229s] Level 5:colcon.colcon_core.verb:set package 'id_publisher' build argument 'cmake_args' from command line to 'None'
[0.229s] Level 5:colcon.colcon_core.verb:set package 'id_publisher' build argument 'cmake_target' from command line to 'None'
[0.229s] Level 5:colcon.colcon_core.verb:set package 'id_publisher' build argument 'cmake_target_skip_unavailable' from command line to 'False'
[0.229s] Level 5:colcon.colcon_core.verb:set package 'id_publisher' build argument 'cmake_clean_cache' from command line to 'False'
[0.229s] Level 5:colcon.colcon_core.verb:set package 'id_publisher' build argument 'cmake_clean_first' from command line to 'False'
[0.229s] Level 5:colcon.colcon_core.verb:set package 'id_publisher' build argument 'cmake_force_configure' from command line to 'False'
[0.229s] Level 5:colcon.colcon_core.verb:set package 'id_publisher' build argument 'ament_cmake_args' from command line to 'None'
[0.229s] Level 5:colcon.colcon_core.verb:set package 'id_publisher' build argument 'catkin_cmake_args' from command line to 'None'
[0.229s] Level 5:colcon.colcon_core.verb:set package 'id_publisher' build argument 'catkin_skip_building_tests' from command line to 'False'
[0.229s] DEBUG:colcon.colcon_core.verb:Building package 'id_publisher' with the following arguments: {'ament_cmake_args': None, 'build_base': '/home/student/catkin_ws/build/id_publisher', 'catkin_cmake_args': None, 'catkin_skip_building_tests': False, 'cmake_args': None, 'cmake_clean_cache': False, 'cmake_clean_first': False, 'cmake_force_configure': False, 'cmake_target': None, 'cmake_target_skip_unavailable': False, 'install_base': '/home/student/catkin_ws/install/id_publisher', 'merge_install': False, 'path': '/home/student/catkin_ws/src/id_publisher', 'symlink_install': False, 'test_result_base': None}
[0.230s] Level 5:colcon.colcon_core.verb:set package 'turtlebot_controller' build argument 'cmake_args' from command line to 'None'
[0.230s] Level 5:colcon.colcon_core.verb:set package 'turtlebot_controller' build argument 'cmake_target' from command line to 'None'
[0.230s] Level 5:colcon.colcon_core.verb:set package 'turtlebot_controller' build argument 'cmake_target_skip_unavailable' from command line to 'False'
[0.230s] Level 5:colcon.colcon_core.verb:set package 'turtlebot_controller' build argument 'cmake_clean_cache' from command line to 'False'
[0.230s] Level 5:colcon.colcon_core.verb:set package 'turtlebot_controller' build argument 'cmake_clean_first' from command line to 'False'
[0.230s] Level 5:colcon.colcon_core.verb:set package 'turtlebot_controller' build argument 'cmake_force_configure' from command line to 'False'
[0.230s] Level 5:colcon.colcon_core.verb:set package 'turtlebot_controller' build argument 'ament_cmake_args' from command line to 'None'
[0.230s] Level 5:colcon.colcon_core.verb:set package 'turtlebot_controller' build argument 'catkin_cmake_args' from command line to 'None'
[0.230s] Level 5:colcon.colcon_core.verb:set package 'turtlebot_controller' build argument 'catkin_skip_building_tests' from command line to 'False'
[0.230s] DEBUG:colcon.colcon_core.verb:Building package 'turtlebot_controller' with the following arguments: {'ament_cmake_args': None, 'build_base': '/home/student/catkin_ws/build/turtlebot_controller', 'catkin_cmake_args': None, 'catkin_skip_building_tests': False, 'cmake_args': None, 'cmake_clean_cache': False, 'cmake_clean_first': False, 'cmake_force_configure': False, 'cmake_target': None, 'cmake_target_skip_unavailable': False, 'install_base': '/home/student/catkin_ws/install/turtlebot_controller', 'merge_install': False, 'path': '/home/student/catkin_ws/src/turtlebot_controller', 'symlink_install': False, 'test_result_base': None}
[0.230s] INFO:colcon.colcon_core.executor:Executing jobs using 'parallel' executor
[0.231s] DEBUG:colcon.colcon_parallel_executor.executor.parallel:run_until_complete
[0.231s] INFO:colcon.colcon_ros.task.ament_cmake.build:Building ROS package in '/home/student/catkin_ws/src/id_publisher' with build type 'ament_cmake'
[0.231s] INFO:colcon.colcon_cmake.task.cmake.build:Building CMake package in '/home/student/catkin_ws/src/id_publisher'
[0.233s] INFO:colcon.colcon_core.plugin_system:Skipping extension 'colcon_core.shell.bat': Not used on non-Windows systems
[0.233s] INFO:colcon.colcon_core.shell:Skip shell extension 'powershell' for command environment: Not usable outside of PowerShell
[0.233s] DEBUG:colcon.colcon_core.shell:Skip shell extension 'dsv' for command environment
[0.235s] INFO:colcon.colcon_ros.task.ament_cmake.build:Building ROS package in '/home/student/catkin_ws/src/turtlebot_controller' with build type 'ament_cmake'
[0.235s] INFO:colcon.colcon_cmake.task.cmake.build:Building CMake package in '/home/student/catkin_ws/src/turtlebot_controller'
[0.235s] INFO:colcon.colcon_core.shell:Skip shell extension 'powershell' for command environment: Not usable outside of PowerShell
[0.236s] DEBUG:colcon.colcon_core.shell:Skip shell extension 'dsv' for command environment
[0.242s] DEBUG:colcon.colcon_core.event_handler.log_command:Invoking command in '/home/student/catkin_ws/build/id_publisher': CMAKE_PREFIX_PATH=${CMAKE_PREFIX_PATH}:/opt/ros/jazzy DEBUGINFOD_URLS=https://debuginfod.ubuntu.com /usr/bin/cmake --build /home/student/catkin_ws/build/id_publisher -- -j8 -l8
[0.245s] DEBUG:colcon.colcon_core.event_handler.log_command:Invoking command in '/home/student/catkin_ws/build/turtlebot_controller': CMAKE_PREFIX_PATH=${CMAKE_PREFIX_PATH}:/opt/ros/jazzy DEBUGINFOD_URLS=https://debuginfod.ubuntu.com /usr/bin/cmake --build /home/student/catkin_ws/build/turtlebot_controller -- -j8 -l8
[0.307s] DEBUG:colcon.colcon_core.event_handler.log_command:Invoked command in '/home/student/catkin_ws/build/id_publisher' returned '0': CMAKE_PREFIX_PATH=${CMAKE_PREFIX_PATH}:/opt/ros/jazzy DEBUGINFOD_URLS=https://debuginfod.ubuntu.com /usr/bin/cmake --build /home/student/catkin_ws/build/id_publisher -- -j8 -l8
[0.316s] DEBUG:colcon.colcon_core.event_handler.log_command:Invoking command in '/home/student/catkin_ws/build/id_publisher': CMAKE_PREFIX_PATH=${CMAKE_PREFIX_PATH}:/opt/ros/jazzy DEBUGINFOD_URLS=https://debuginfod.ubuntu.com /usr/bin/cmake --install /home/student/catkin_ws/build/id_publisher
[0.328s] Level 1:colcon.colcon_core.environment:create_environment_scripts_only(id_publisher)
[0.328s] DEBUG:colcon.colcon_core.event_handler.log_command:Invoked command in '/home/student/catkin_ws/build/id_publisher' returned '0': CMAKE_PREFIX_PATH=${CMAKE_PREFIX_PATH}:/opt/ros/jazzy DEBUGINFOD_URLS=https://debuginfod.ubuntu.com /usr/bin/cmake --install /home/student/catkin_ws/build/id_publisher
[0.330s] Level 1:colcon.colcon_core.environment:checking '/home/student/catkin_ws/install/id_publisher' for CMake module files
[0.331s] Level 1:colcon.colcon_core.environment:checking '/home/student/catkin_ws/install/id_publisher' for CMake config files
[0.332s] Level 1:colcon.colcon_core.shell:create_environment_hook('id_publisher', 'cmake_prefix_path')
[0.332s] INFO:colcon.colcon_core.shell:Creating environment hook '/home/student/catkin_ws/install/id_publisher/share/id_publisher/hook/cmake_prefix_path.ps1'
[0.332s] INFO:colcon.colcon_core.shell:Creating environment descriptor '/home/student/catkin_ws/install/id_publisher/share/id_publisher/hook/cmake_prefix_path.dsv'
[0.333s] INFO:colcon.colcon_core.shell:Creating environment hook '/home/student/catkin_ws/install/id_publisher/share/id_publisher/hook/cmake_prefix_path.sh'
[0.334s] Level 1:colcon.colcon_core.environment:checking '/home/student/catkin_ws/install/id_publisher/lib'
[0.334s] Level 1:colcon.colcon_core.environment:checking '/home/student/catkin_ws/install/id_publisher/bin'
[0.334s] Level 1:colcon.colcon_core.environment:checking '/home/student/catkin_ws/install/id_publisher/lib/pkgconfig/id_publisher.pc'
[0.334s] Level 1:colcon.colcon_core.environment:checking '/home/student/catkin_ws/install/id_publisher/lib/python3.12/site-packages'
[0.335s] Level 1:colcon.colcon_core.environment:checking '/home/student/catkin_ws/install/id_publisher/bin'
[0.335s] INFO:colcon.colcon_core.shell:Creating package script '/home/student/catkin_ws/install/id_publisher/share/id_publisher/package.ps1'
[0.336s] INFO:colcon.colcon_core.shell:Creating package descriptor '/home/student/catkin_ws/install/id_publisher/share/id_publisher/package.dsv'
[0.337s] INFO:colcon.colcon_core.shell:Creating package script '/home/student/catkin_ws/install/id_publisher/share/id_publisher/package.sh'
[0.337s] INFO:colcon.colcon_core.shell:Creating package script '/home/student/catkin_ws/install/id_publisher/share/id_publisher/package.bash'
[0.339s] INFO:colcon.colcon_core.shell:Creating package script '/home/student/catkin_ws/install/id_publisher/share/id_publisher/package.zsh'
[0.340s] Level 1:colcon.colcon_core.environment:create_file_with_runtime_dependencies(/home/student/catkin_ws/install/id_publisher/share/colcon-core/packages/id_publisher)
[0.341s] Level 1:colcon.colcon_core.environment:create_environment_scripts_only(id_publisher)
[0.341s] Level 1:colcon.colcon_core.environment:checking '/home/student/catkin_ws/install/id_publisher' for CMake module files
[0.341s] Level 1:colcon.colcon_core.environment:checking '/home/student/catkin_ws/install/id_publisher' for CMake config files
[0.341s] Level 1:colcon.colcon_core.shell:create_environment_hook('id_publisher', 'cmake_prefix_path')
[0.342s] INFO:colcon.colcon_core.shell:Creating environment hook '/home/student/catkin_ws/install/id_publisher/share/id_publisher/hook/cmake_prefix_path.ps1'
[0.342s] INFO:colcon.colcon_core.shell:Creating environment descriptor '/home/student/catkin_ws/install/id_publisher/share/id_publisher/hook/cmake_prefix_path.dsv'
[0.342s] INFO:colcon.colcon_core.shell:Creating environment hook '/home/student/catkin_ws/install/id_publisher/share/id_publisher/hook/cmake_prefix_path.sh'
[0.343s] Level 1:colcon.colcon_core.environment:checking '/home/student/catkin_ws/install/id_publisher/lib'
[0.343s] Level 1:colcon.colcon_core.environment:checking '/home/student/catkin_ws/install/id_publisher/bin'
[0.343s] Level 1:colcon.colcon_core.environment:checking '/home/student/catkin_ws/install/id_publisher/lib/pkgconfig/id_publisher.pc'
[0.343s] Level 1:colcon.colcon_core.environment:checking '/home/student/catkin_ws/install/id_publisher/lib/python3.12/site-packages'
[0.343s] Level 1:colcon.colcon_core.environment:checking '/home/student/catkin_ws/install/id_publisher/bin'
[0.343s] INFO:colcon.colcon_core.shell:Creating package script '/home/student/catkin_ws/install/id_publisher/share/id_publisher/package.ps1'
[0.344s] INFO:colcon.colcon_core.shell:Creating package descriptor '/home/student/catkin_ws/install/id_publisher/share/id_publisher/package.dsv'
[0.344s] INFO:colcon.colcon_core.shell:Creating package script '/home/student/catkin_ws/install/id_publisher/share/id_publisher/package.sh'
[0.345s] INFO:colcon.colcon_core.shell:Creating package script '/home/student/catkin_ws/install/id_publisher/share/id_publisher/package.bash'
[0.345s] INFO:colcon.colcon_core.shell:Creating package script '/home/student/catkin_ws/install/id_publisher/share/id_publisher/package.zsh'
[0.345s] Level 1:colcon.colcon_core.environment:create_file_with_runtime_dependencies(/home/student/catkin_ws/install/id_publisher/share/colcon-core/packages/id_publisher)
[8.969s] DEBUG:colcon.colcon_core.event_handler.log_command:Invoked command in '/home/student/catkin_ws/build/turtlebot_controller' returned '0': CMAKE_PREFIX_PATH=${CMAKE_PREFIX_PATH}:/opt/ros/jazzy DEBUGINFOD_URLS=https://debuginfod.ubuntu.com /usr/bin/cmake --build /home/student/catkin_ws/build/turtlebot_controller -- -j8 -l8
[8.970s] DEBUG:colcon.colcon_core.event_handler.log_command:Invoking command in '/home/student/catkin_ws/build/turtlebot_controller': CMAKE_PREFIX_PATH=${CMAKE_PREFIX_PATH}:/opt/ros/jazzy DEBUGINFOD_URLS=https://debuginfod.ubuntu.com /usr/bin/cmake --install /home/student/catkin_ws/build/turtlebot_controller
[8.983s] Level 1:colcon.colcon_core.environment:create_environment_scripts_only(turtlebot_controller)
[8.984s] Level 1:colcon.colcon_core.environment:checking '/home/student/catkin_ws/install/turtlebot_controller' for CMake module files
[8.984s] DEBUG:colcon.colcon_core.event_handler.log_command:Invoked command in '/home/student/catkin_ws/build/turtlebot_controller' returned '0': CMAKE_PREFIX_PATH=${CMAKE_PREFIX_PATH}:/opt/ros/jazzy DEBUGINFOD_URLS=https://debuginfod.ubuntu.com /usr/bin/cmake --install /home/student/catkin_ws/build/turtlebot_controller
[8.985s] Level 1:colcon.colcon_core.environment:checking '/home/student/catkin_ws/install/turtlebot_controller' for CMake config files
[8.985s] Level 1:colcon.colcon_core.shell:create_environment_hook('turtlebot_controller', 'cmake_prefix_path')
[8.985s] INFO:colcon.colcon_core.shell:Creating environment hook '/home/student/catkin_ws/install/turtlebot_controller/share/turtlebot_controller/hook/cmake_prefix_path.ps1'
[8.985s] INFO:colcon.colcon_core.shell:Creating environment descriptor '/home/student/catkin_ws/install/turtlebot_controller/share/turtlebot_controller/hook/cmake_prefix_path.dsv'
[8.985s] INFO:colcon.colcon_core.shell:Creating environment hook '/home/student/catkin_ws/install/turtlebot_controller/share/turtlebot_controller/hook/cmake_prefix_path.sh'
[8.986s] Level 1:colcon.colcon_core.environment:checking '/home/student/catkin_ws/install/turtlebot_controller/lib'
[8.986s] Level 1:colcon.colcon_core.environment:checking '/home/student/catkin_ws/install/turtlebot_controller/bin'
[8.986s] Level 1:colcon.colcon_core.environment:checking '/home/student/catkin_ws/install/turtlebot_controller/lib/pkgconfig/turtlebot_controller.pc'
[8.986s] Level 1:colcon.colcon_core.environment:checking '/home/student/catkin_ws/install/turtlebot_controller/lib/python3.12/site-packages'
[8.987s] Level 1:colcon.colcon_core.environment:checking '/home/student/catkin_ws/install/turtlebot_controller/bin'
[8.987s] INFO:colcon.colcon_core.shell:Creating package script '/home/student/catkin_ws/install/turtlebot_controller/share/turtlebot_controller/package.ps1'
[8.987s] INFO:colcon.colcon_core.shell:Creating package descriptor '/home/student/catkin_ws/install/turtlebot_controller/share/turtlebot_controller/package.dsv'
[8.987s] INFO:colcon.colcon_core.shell:Creating package script '/home/student/catkin_ws/install/turtlebot_controller/share/turtlebot_controller/package.sh'
[8.988s] INFO:colcon.colcon_core.shell:Creating package script '/home/student/catkin_ws/install/turtlebot_controller/share/turtlebot_controller/package.bash'
[8.988s] INFO:colcon.colcon_core.shell:Creating package script '/home/student/catkin_ws/install/turtlebot_controller/share/turtlebot_controller/package.zsh'
[8.988s] Level 1:colcon.colcon_core.environment:create_file_with_runtime_dependencies(/home/student/catkin_ws/install/turtlebot_controller/share/colcon-core/packages/turtlebot_controller)
[8.989s] Level 1:colcon.colcon_core.environment:create_environment_scripts_only(turtlebot_controller)
[8.989s] Level 1:colcon.colcon_core.environment:checking '/home/student/catkin_ws/install/turtlebot_controller' for CMake module files
[8.989s] Level 1:colcon.colcon_core.environment:checking '/home/student/catkin_ws/install/turtlebot_controller' for CMake config files
[8.989s] Level 1:colcon.colcon_core.shell:create_environment_hook('turtlebot_controller', 'cmake_prefix_path')
[8.989s] INFO:colcon.colcon_core.shell:Creating environment hook '/home/student/catkin_ws/install/turtlebot_controller/share/turtlebot_controller/hook/cmake_prefix_path.ps1'
[8.990s] INFO:colcon.colcon_core.shell:Creating environment descriptor '/home/student/catkin_ws/install/turtlebot_controller/share/turtlebot_controller/hook/cmake_prefix_path.dsv'
[8.990s] INFO:colcon.colcon_core.shell:Creating environment hook '/home/student/catkin_ws/install/turtlebot_controller/share/turtlebot_controller/hook/cmake_prefix_path.sh'
[8.990s] Level 1:colcon.colcon_core.environment:checking '/home/student/catkin_ws/install/turtlebot_controller/lib'
[8.991s] Level 1:colcon.colcon_core.environment:checking '/home/student/catkin_ws/install/turtlebot_controller/bin'
[8.991s] Level 1:colcon.colcon_core.environment:checking '/home/student/catkin_ws/install/turtlebot_controller/lib/pkgconfig/turtlebot_controller.pc'
[8.991s] Level 1:colcon.colcon_core.environment:checking '/home/student/catkin_ws/install/turtlebot_controller/lib/python3.12/site-packages'
[8.991s] Level 1:colcon.colcon_core.environment:checking '/home/student/catkin_ws/install/turtlebot_controller/bin'
[8.991s] INFO:colcon.colcon_core.shell:Creating package script '/home/student/catkin_ws/install/turtlebot_controller/share/turtlebot_controller/package.ps1'
[8.992s] INFO:colcon.colcon_core.shell:Creating package descriptor '/home/student/catkin_ws/install/turtlebot_controller/share/turtlebot_controller/package.dsv'
[8.992s] INFO:colcon.colcon_core.shell:Creating package script '/home/student/catkin_ws/install/turtlebot_controller/share/turtlebot_controller/package.sh'
[8.992s] INFO:colcon.colcon_core.shell:Creating package script '/home/student/catkin_ws/install/turtlebot_controller/share/turtlebot_controller/package.bash'
[8.993s] INFO:colcon.colcon_core.shell:Creating package script '/home/student/catkin_ws/install/turtlebot_controller/share/turtlebot_controller/package.zsh'
[8.993s] Level 1:colcon.colcon_core.environment:create_file_with_runtime_dependencies(/home/student/catkin_ws/install/turtlebot_controller/share/colcon-core/packages/turtlebot_controller)
[8.993s] DEBUG:colcon.colcon_parallel_executor.executor.parallel:closing loop
[8.993s] DEBUG:colcon.colcon_parallel_executor.executor.parallel:loop closed
[8.993s] DEBUG:colcon.colcon_parallel_executor.executor.parallel:run_until_complete finished with '0'
[8.993s] DEBUG:colcon.colcon_core.event_reactor:joining thread
[8.999s] INFO:colcon.colcon_core.plugin_system:Skipping extension 'colcon_notification.desktop_notification.terminal_notifier': Not used on non-Darwin systems
[9.000s] INFO:colcon.colcon_core.plugin_system:Skipping extension 'colcon_notification.desktop_notification.win32': Not used on non-Windows systems
[9.000s] INFO:colcon.colcon_notification.desktop_notification:Sending desktop notification using 'notify2'
[9.022s] DEBUG:colcon.colcon_core.event_reactor:joined thread
[9.023s] INFO:colcon.colcon_core.shell:Creating prefix script '/home/student/catkin_ws/install/local_setup.ps1'
[9.023s] INFO:colcon.colcon_core.shell:Creating prefix util module '/home/student/catkin_ws/install/_local_setup_util_ps1.py'
[9.024s] INFO:colcon.colcon_core.shell:Creating prefix chain script '/home/student/catkin_ws/install/setup.ps1'
[9.025s] INFO:colcon.colcon_core.shell:Creating prefix script '/home/student/catkin_ws/install/local_setup.sh'
[9.026s] INFO:colcon.colcon_core.shell:Creating prefix util module '/home/student/catkin_ws/install/_local_setup_util_sh.py'
[9.026s] INFO:colcon.colcon_core.shell:Creating prefix chain script '/home/student/catkin_ws/install/setup.sh'
[9.027s] INFO:colcon.colcon_core.shell:Creating prefix script '/home/student/catkin_ws/install/local_setup.bash'
[9.027s] INFO:colcon.colcon_core.shell:Creating prefix chain script '/home/student/catkin_ws/install/setup.bash'
[9.028s] INFO:colcon.colcon_core.shell:Creating prefix script '/home/student/catkin_ws/install/local_setup.zsh'
[9.028s] INFO:colcon.colcon_core.shell:Creating prefix chain script '/home/student/catkin_ws/install/setup.zsh'
