[ 50%] [32mBuilding CXX object CMakeFiles/turtle_controller.dir/src/turtle_controller.cpp.o[0m
[01m[K/home/student/catkin_ws/src/turtlebot_controller/src/turtle_controller.cpp:[m[K In member function ‘[01m[Kvoid TurtleController::[01;32m[Kpose_callback[m[K(turtlesim::msg::Pose_<std::allocator<void> >::SharedPtr)[m[K’:
[01m[K/home/student/catkin_ws/src/turtlebot_controller/src/turtle_controller.cpp:62:16:[m[K [01;35m[Kwarning: [m[Kunused variable ‘[01m[Knext_waypoint_index[m[K’ [[01;35m[K]8;;https://gcc.gnu.org/onlinedocs/gcc/Warning-Options.html#index-Wunused-variable-Wunused-variable]8;;[m[K]
   62 |         size_t [01;35m[Knext_waypoint_index[m[K = (waypoint_index_ + 1) % active_trajectory_.size();
      |                [01;35m[K^~~~~~~~~~~~~~~~~~~[m[K
[100%] [32m[1mLinking CXX executable turtle_controller[0m
[100%] Built target turtle_controller
-- Install configuration: ""
-- Up-to-date: /home/student/catkin_ws/install/turtlebot_controller/share/ament_index/resource_index/package_run_dependencies/turtlebot_controller
-- Up-to-date: /home/student/catkin_ws/install/turtlebot_controller/share/ament_index/resource_index/parent_prefix_path/turtlebot_controller
-- Up-to-date: /home/student/catkin_ws/install/turtlebot_controller/share/turtlebot_controller/environment/ament_prefix_path.sh
-- Up-to-date: /home/student/catkin_ws/install/turtlebot_controller/share/turtlebot_controller/environment/ament_prefix_path.dsv
-- Up-to-date: /home/student/catkin_ws/install/turtlebot_controller/share/turtlebot_controller/environment/path.sh
-- Up-to-date: /home/student/catkin_ws/install/turtlebot_controller/share/turtlebot_controller/environment/path.dsv
-- Up-to-date: /home/student/catkin_ws/install/turtlebot_controller/share/turtlebot_controller/local_setup.bash
-- Up-to-date: /home/student/catkin_ws/install/turtlebot_controller/share/turtlebot_controller/local_setup.sh
-- Up-to-date: /home/student/catkin_ws/install/turtlebot_controller/share/turtlebot_controller/local_setup.zsh
-- Up-to-date: /home/student/catkin_ws/install/turtlebot_controller/share/turtlebot_controller/local_setup.dsv
-- Installing: /home/student/catkin_ws/install/turtlebot_controller/share/turtlebot_controller/package.dsv
-- Up-to-date: /home/student/catkin_ws/install/turtlebot_controller/share/ament_index/resource_index/packages/turtlebot_controller
-- Up-to-date: /home/student/catkin_ws/install/turtlebot_controller/share/turtlebot_controller/cmake/turtlebot_controllerConfig.cmake
-- Up-to-date: /home/student/catkin_ws/install/turtlebot_controller/share/turtlebot_controller/cmake/turtlebot_controllerConfig-version.cmake
-- Up-to-date: /home/student/catkin_ws/install/turtlebot_controller/share/turtlebot_controller/package.xml
-- Installing: /home/student/catkin_ws/install/turtlebot_controller/lib/turtlebot_controller/turtle_controller
-- Set non-toolchain portion of runtime path of "/home/student/catkin_ws/install/turtlebot_controller/lib/turtlebot_controller/turtle_controller" to ""
