[1.253s] DEBUG:colcon:Command line arguments: ['/usr/bin/colcon', 'build', '--packages-select', 'turtlebot_controller']
[1.253s] DEBUG:colcon:Parsed command line arguments: Namespace(log_base=None, log_level=None, verb_name='build', build_base='build', install_base='install', merge_install=False, symlink_install=False, test_result_base=None, continue_on_error=False, executor='parallel', parallel_workers=8, event_handlers=None, ignore_user_meta=False, metas=['./colcon.meta'], base_paths=['.'], packages_ignore=None, packages_ignore_regex=None, paths=None, packages_up_to=None, packages_up_to_regex=None, packages_above=None, packages_above_and_dependencies=None, packages_above_depth=None, packages_select_by_dep=None, packages_skip_by_dep=None, packages_skip_up_to=None, packages_select_build_failed=False, packages_skip_build_finished=False, packages_select_test_failures=False, packages_skip_test_passed=False, packages_select=['turtlebot_controller'], packages_skip=None, packages_select_regex=None, packages_skip_regex=None, packages_start=None, packages_end=None, allow_overriding=[], cmake_args=None, cmake_target=None, cmake_target_skip_unavailable=False, cmake_clean_cache=False, cmake_clean_first=False, cmake_force_configure=False, ament_cmake_args=None, catkin_cmake_args=None, catkin_skip_building_tests=False, verb_parser=<colcon_defaults.argument_parser.defaults.DefaultArgumentsDecorator object at 0x7ef041ae0770>, verb_extension=<colcon_core.verb.build.BuildVerb object at 0x7ef041d74d10>, main=<bound method BuildVerb.main of <colcon_core.verb.build.BuildVerb object at 0x7ef041d74d10>>)
[1.476s] Level 1:colcon.colcon_core.package_discovery:discover_packages(colcon_meta) check parameters
[1.476s] Level 1:colcon.colcon_core.package_discovery:discover_packages(recursive) check parameters
[1.476s] Level 1:colcon.colcon_core.package_discovery:discover_packages(ignore) check parameters
[1.476s] Level 1:colcon.colcon_core.package_discovery:discover_packages(path) check parameters
[1.476s] Level 1:colcon.colcon_core.package_discovery:discover_packages(colcon_meta) discover
[1.476s] Level 1:colcon.colcon_core.package_discovery:discover_packages(recursive) discover
[1.476s] INFO:colcon.colcon_core.package_discovery:Crawling recursively for packages in '/home/student/catkin_ws'
[1.476s] Level 1:colcon.colcon_core.package_identification:_identify(.) by extensions ['ignore', 'ignore_ament_install']
[1.476s] Level 1:colcon.colcon_core.package_identification:_identify(.) by extension 'ignore'
[1.476s] Level 1:colcon.colcon_core.package_identification:_identify(.) by extension 'ignore_ament_install'
[1.476s] Level 1:colcon.colcon_core.package_identification:_identify(.) by extensions ['colcon_pkg']
[1.476s] Level 1:colcon.colcon_core.package_identification:_identify(.) by extension 'colcon_pkg'
[1.476s] Level 1:colcon.colcon_core.package_identification:_identify(.) by extensions ['colcon_meta']
[1.476s] Level 1:colcon.colcon_core.package_identification:_identify(.) by extension 'colcon_meta'
[1.476s] Level 1:colcon.colcon_core.package_identification:_identify(.) by extensions ['ros']
[1.476s] Level 1:colcon.colcon_core.package_identification:_identify(.) by extension 'ros'
[1.547s] Level 1:colcon.colcon_core.package_identification:_identify(.) by extensions ['cmake', 'python']
[1.547s] Level 1:colcon.colcon_core.package_identification:_identify(.) by extension 'cmake'
[1.547s] Level 1:colcon.colcon_core.package_identification:_identify(.) by extension 'python'
[1.547s] Level 1:colcon.colcon_core.package_identification:_identify(.) by extensions ['python_setup_py']
[1.547s] Level 1:colcon.colcon_core.package_identification:_identify(.) by extension 'python_setup_py'
[1.547s] Level 1:colcon.colcon_core.package_identification:_identify(build) by extensions ['ignore', 'ignore_ament_install']
[1.548s] Level 1:colcon.colcon_core.package_identification:_identify(build) by extension 'ignore'
[1.548s] Level 1:colcon.colcon_core.package_identification:_identify(build) ignored
[1.548s] Level 1:colcon.colcon_core.package_identification:_identify(install) by extensions ['ignore', 'ignore_ament_install']
[1.548s] Level 1:colcon.colcon_core.package_identification:_identify(install) by extension 'ignore'
[1.548s] Level 1:colcon.colcon_core.package_identification:_identify(install) ignored
[1.548s] Level 1:colcon.colcon_core.package_identification:_identify(log) by extensions ['ignore', 'ignore_ament_install']
[1.548s] Level 1:colcon.colcon_core.package_identification:_identify(log) by extension 'ignore'
[1.548s] Level 1:colcon.colcon_core.package_identification:_identify(log) ignored
[1.548s] Level 1:colcon.colcon_core.package_identification:_identify(src) by extensions ['ignore', 'ignore_ament_install']
[1.548s] Level 1:colcon.colcon_core.package_identification:_identify(src) by extension 'ignore'
[1.549s] Level 1:colcon.colcon_core.package_identification:_identify(src) by extension 'ignore_ament_install'
[1.549s] Level 1:colcon.colcon_core.package_identification:_identify(src) by extensions ['colcon_pkg']
[1.549s] Level 1:colcon.colcon_core.package_identification:_identify(src) by extension 'colcon_pkg'
[1.549s] Level 1:colcon.colcon_core.package_identification:_identify(src) by extensions ['colcon_meta']
[1.549s] Level 1:colcon.colcon_core.package_identification:_identify(src) by extension 'colcon_meta'
[1.549s] Level 1:colcon.colcon_core.package_identification:_identify(src) by extensions ['ros']
[1.549s] Level 1:colcon.colcon_core.package_identification:_identify(src) by extension 'ros'
[1.549s] Level 1:colcon.colcon_core.package_identification:_identify(src) by extensions ['cmake', 'python']
[1.549s] Level 1:colcon.colcon_core.package_identification:_identify(src) by extension 'cmake'
[1.549s] Level 1:colcon.colcon_core.package_identification:_identify(src) by extension 'python'
[1.549s] Level 1:colcon.colcon_core.package_identification:_identify(src) by extensions ['python_setup_py']
[1.549s] Level 1:colcon.colcon_core.package_identification:_identify(src) by extension 'python_setup_py'
[1.549s] Level 1:colcon.colcon_core.package_identification:_identify(src/id_publisher) by extensions ['ignore', 'ignore_ament_install']
[1.549s] Level 1:colcon.colcon_core.package_identification:_identify(src/id_publisher) by extension 'ignore'
[1.549s] Level 1:colcon.colcon_core.package_identification:_identify(src/id_publisher) by extension 'ignore_ament_install'
[1.549s] Level 1:colcon.colcon_core.package_identification:_identify(src/id_publisher) by extensions ['colcon_pkg']
[1.549s] Level 1:colcon.colcon_core.package_identification:_identify(src/id_publisher) by extension 'colcon_pkg'
[1.550s] Level 1:colcon.colcon_core.package_identification:_identify(src/id_publisher) by extensions ['colcon_meta']
[1.550s] Level 1:colcon.colcon_core.package_identification:_identify(src/id_publisher) by extension 'colcon_meta'
[1.550s] Level 1:colcon.colcon_core.package_identification:_identify(src/id_publisher) by extensions ['ros']
[1.550s] Level 1:colcon.colcon_core.package_identification:_identify(src/id_publisher) by extension 'ros'
[1.571s] DEBUG:colcon.colcon_core.package_identification:Package 'src/id_publisher' with type 'ros.ament_cmake' and name 'id_publisher'
[1.572s] Level 1:colcon.colcon_core.package_identification:_identify(src/turtlebot_controller) by extensions ['ignore', 'ignore_ament_install']
[1.572s] Level 1:colcon.colcon_core.package_identification:_identify(src/turtlebot_controller) by extension 'ignore'
[1.572s] Level 1:colcon.colcon_core.package_identification:_identify(src/turtlebot_controller) by extension 'ignore_ament_install'
[1.572s] Level 1:colcon.colcon_core.package_identification:_identify(src/turtlebot_controller) by extensions ['colcon_pkg']
[1.572s] Level 1:colcon.colcon_core.package_identification:_identify(src/turtlebot_controller) by extension 'colcon_pkg'
[1.572s] Level 1:colcon.colcon_core.package_identification:_identify(src/turtlebot_controller) by extensions ['colcon_meta']
[1.572s] Level 1:colcon.colcon_core.package_identification:_identify(src/turtlebot_controller) by extension 'colcon_meta'
[1.572s] Level 1:colcon.colcon_core.package_identification:_identify(src/turtlebot_controller) by extensions ['ros']
[1.572s] Level 1:colcon.colcon_core.package_identification:_identify(src/turtlebot_controller) by extension 'ros'
[1.588s] DEBUG:colcon.colcon_core.package_identification:Package 'src/turtlebot_controller' with type 'ros.ament_cmake' and name 'turtlebot_controller'
[1.588s] Level 1:colcon.colcon_core.package_discovery:discover_packages(recursive) using defaults
[1.588s] Level 1:colcon.colcon_core.package_discovery:discover_packages(ignore) discover
[1.588s] Level 1:colcon.colcon_core.package_discovery:discover_packages(ignore) using defaults
[1.588s] Level 1:colcon.colcon_core.package_discovery:discover_packages(path) discover
[1.588s] Level 1:colcon.colcon_core.package_discovery:discover_packages(path) using defaults
[1.721s] INFO:colcon.colcon_core.package_selection:Skipping not selected package 'id_publisher' in 'src/id_publisher'
[1.722s] Level 1:colcon.colcon_core.package_discovery:discover_packages(prefix_path) check parameters
[1.722s] Level 1:colcon.colcon_core.package_discovery:discover_packages(prefix_path) discover
[1.725s] Level 1:colcon.colcon_core.package_discovery:discover_packages(prefix_path) using defaults
[1.727s] Level 5:colcon.colcon_core.verb:set package 'turtlebot_controller' build argument 'cmake_args' from command line to 'None'
[1.727s] Level 5:colcon.colcon_core.verb:set package 'turtlebot_controller' build argument 'cmake_target' from command line to 'None'
[1.727s] Level 5:colcon.colcon_core.verb:set package 'turtlebot_controller' build argument 'cmake_target_skip_unavailable' from command line to 'False'
[1.727s] Level 5:colcon.colcon_core.verb:set package 'turtlebot_controller' build argument 'cmake_clean_cache' from command line to 'False'
[1.727s] Level 5:colcon.colcon_core.verb:set package 'turtlebot_controller' build argument 'cmake_clean_first' from command line to 'False'
[1.727s] Level 5:colcon.colcon_core.verb:set package 'turtlebot_controller' build argument 'cmake_force_configure' from command line to 'False'
[1.727s] Level 5:colcon.colcon_core.verb:set package 'turtlebot_controller' build argument 'ament_cmake_args' from command line to 'None'
[1.728s] Level 5:colcon.colcon_core.verb:set package 'turtlebot_controller' build argument 'catkin_cmake_args' from command line to 'None'
[1.728s] Level 5:colcon.colcon_core.verb:set package 'turtlebot_controller' build argument 'catkin_skip_building_tests' from command line to 'False'
[1.728s] DEBUG:colcon.colcon_core.verb:Building package 'turtlebot_controller' with the following arguments: {'ament_cmake_args': None, 'build_base': '/home/student/catkin_ws/build/turtlebot_controller', 'catkin_cmake_args': None, 'catkin_skip_building_tests': False, 'cmake_args': None, 'cmake_clean_cache': False, 'cmake_clean_first': False, 'cmake_force_configure': False, 'cmake_target': None, 'cmake_target_skip_unavailable': False, 'install_base': '/home/student/catkin_ws/install/turtlebot_controller', 'merge_install': False, 'path': '/home/student/catkin_ws/src/turtlebot_controller', 'symlink_install': False, 'test_result_base': None}
[1.728s] INFO:colcon.colcon_core.executor:Executing jobs using 'parallel' executor
[1.729s] DEBUG:colcon.colcon_parallel_executor.executor.parallel:run_until_complete
[1.729s] INFO:colcon.colcon_ros.task.ament_cmake.build:Building ROS package in '/home/student/catkin_ws/src/turtlebot_controller' with build type 'ament_cmake'
[1.729s] INFO:colcon.colcon_cmake.task.cmake.build:Building CMake package in '/home/student/catkin_ws/src/turtlebot_controller'
[1.758s] INFO:colcon.colcon_core.plugin_system:Skipping extension 'colcon_core.shell.bat': Not used on non-Windows systems
[1.759s] INFO:colcon.colcon_core.shell:Skip shell extension 'powershell' for command environment: Not usable outside of PowerShell
[1.759s] DEBUG:colcon.colcon_core.shell:Skip shell extension 'dsv' for command environment
[1.797s] DEBUG:colcon.colcon_core.event_handler.log_command:Invoking command in '/home/student/catkin_ws/build/turtlebot_controller': DEBUGINFOD_URLS=https://debuginfod.ubuntu.com /usr/bin/cmake --build /home/student/catkin_ws/build/turtlebot_controller -- -j8 -l8
[13.523s] DEBUG:colcon.colcon_core.event_handler.log_command:Invoked command in '/home/student/catkin_ws/build/turtlebot_controller' returned '0': DEBUGINFOD_URLS=https://debuginfod.ubuntu.com /usr/bin/cmake --build /home/student/catkin_ws/build/turtlebot_controller -- -j8 -l8
[13.590s] DEBUG:colcon.colcon_core.event_handler.log_command:Invoking command in '/home/student/catkin_ws/build/turtlebot_controller': DEBUGINFOD_URLS=https://debuginfod.ubuntu.com /usr/bin/cmake --install /home/student/catkin_ws/build/turtlebot_controller
[13.703s] Level 1:colcon.colcon_core.environment:create_environment_scripts_only(turtlebot_controller)
[13.704s] DEBUG:colcon.colcon_core.event_handler.log_command:Invoked command in '/home/student/catkin_ws/build/turtlebot_controller' returned '0': DEBUGINFOD_URLS=https://debuginfod.ubuntu.com /usr/bin/cmake --install /home/student/catkin_ws/build/turtlebot_controller
[13.758s] Level 1:colcon.colcon_core.environment:checking '/home/student/catkin_ws/install/turtlebot_controller' for CMake module files
[13.759s] Level 1:colcon.colcon_core.environment:checking '/home/student/catkin_ws/install/turtlebot_controller' for CMake config files
[13.759s] Level 1:colcon.colcon_core.shell:create_environment_hook('turtlebot_controller', 'cmake_prefix_path')
[13.759s] INFO:colcon.colcon_core.shell:Creating environment hook '/home/student/catkin_ws/install/turtlebot_controller/share/turtlebot_controller/hook/cmake_prefix_path.ps1'
[13.775s] INFO:colcon.colcon_core.shell:Creating environment descriptor '/home/student/catkin_ws/install/turtlebot_controller/share/turtlebot_controller/hook/cmake_prefix_path.dsv'
[13.779s] INFO:colcon.colcon_core.shell:Creating environment hook '/home/student/catkin_ws/install/turtlebot_controller/share/turtlebot_controller/hook/cmake_prefix_path.sh'
[13.782s] Level 1:colcon.colcon_core.environment:checking '/home/student/catkin_ws/install/turtlebot_controller/lib'
[13.782s] Level 1:colcon.colcon_core.environment:checking '/home/student/catkin_ws/install/turtlebot_controller/bin'
[13.782s] Level 1:colcon.colcon_core.environment:checking '/home/student/catkin_ws/install/turtlebot_controller/lib/pkgconfig/turtlebot_controller.pc'
[13.798s] Level 1:colcon.colcon_core.environment:checking '/home/student/catkin_ws/install/turtlebot_controller/lib/python3.12/site-packages'
[13.799s] Level 1:colcon.colcon_core.environment:checking '/home/student/catkin_ws/install/turtlebot_controller/bin'
[13.800s] INFO:colcon.colcon_core.shell:Creating package script '/home/student/catkin_ws/install/turtlebot_controller/share/turtlebot_controller/package.ps1'
[13.803s] INFO:colcon.colcon_core.shell:Creating package descriptor '/home/student/catkin_ws/install/turtlebot_controller/share/turtlebot_controller/package.dsv'
[13.805s] INFO:colcon.colcon_core.shell:Creating package script '/home/student/catkin_ws/install/turtlebot_controller/share/turtlebot_controller/package.sh'
[13.808s] INFO:colcon.colcon_core.shell:Creating package script '/home/student/catkin_ws/install/turtlebot_controller/share/turtlebot_controller/package.bash'
[13.821s] INFO:colcon.colcon_core.shell:Creating package script '/home/student/catkin_ws/install/turtlebot_controller/share/turtlebot_controller/package.zsh'
[13.836s] Level 1:colcon.colcon_core.environment:create_file_with_runtime_dependencies(/home/student/catkin_ws/install/turtlebot_controller/share/colcon-core/packages/turtlebot_controller)
[13.838s] Level 1:colcon.colcon_core.environment:create_environment_scripts_only(turtlebot_controller)
[13.838s] Level 1:colcon.colcon_core.environment:checking '/home/student/catkin_ws/install/turtlebot_controller' for CMake module files
[13.840s] Level 1:colcon.colcon_core.environment:checking '/home/student/catkin_ws/install/turtlebot_controller' for CMake config files
[13.841s] Level 1:colcon.colcon_core.shell:create_environment_hook('turtlebot_controller', 'cmake_prefix_path')
[13.841s] INFO:colcon.colcon_core.shell:Creating environment hook '/home/student/catkin_ws/install/turtlebot_controller/share/turtlebot_controller/hook/cmake_prefix_path.ps1'
[13.842s] INFO:colcon.colcon_core.shell:Creating environment descriptor '/home/student/catkin_ws/install/turtlebot_controller/share/turtlebot_controller/hook/cmake_prefix_path.dsv'
[13.843s] INFO:colcon.colcon_core.shell:Creating environment hook '/home/student/catkin_ws/install/turtlebot_controller/share/turtlebot_controller/hook/cmake_prefix_path.sh'
[13.845s] Level 1:colcon.colcon_core.environment:checking '/home/student/catkin_ws/install/turtlebot_controller/lib'
[13.846s] Level 1:colcon.colcon_core.environment:checking '/home/student/catkin_ws/install/turtlebot_controller/bin'
[13.846s] Level 1:colcon.colcon_core.environment:checking '/home/student/catkin_ws/install/turtlebot_controller/lib/pkgconfig/turtlebot_controller.pc'
[13.847s] Level 1:colcon.colcon_core.environment:checking '/home/student/catkin_ws/install/turtlebot_controller/lib/python3.12/site-packages'
[13.848s] Level 1:colcon.colcon_core.environment:checking '/home/student/catkin_ws/install/turtlebot_controller/bin'
[13.849s] INFO:colcon.colcon_core.shell:Creating package script '/home/student/catkin_ws/install/turtlebot_controller/share/turtlebot_controller/package.ps1'
[13.850s] INFO:colcon.colcon_core.shell:Creating package descriptor '/home/student/catkin_ws/install/turtlebot_controller/share/turtlebot_controller/package.dsv'
[13.852s] INFO:colcon.colcon_core.shell:Creating package script '/home/student/catkin_ws/install/turtlebot_controller/share/turtlebot_controller/package.sh'
[13.854s] INFO:colcon.colcon_core.shell:Creating package script '/home/student/catkin_ws/install/turtlebot_controller/share/turtlebot_controller/package.bash'
[13.855s] INFO:colcon.colcon_core.shell:Creating package script '/home/student/catkin_ws/install/turtlebot_controller/share/turtlebot_controller/package.zsh'
[13.856s] Level 1:colcon.colcon_core.environment:create_file_with_runtime_dependencies(/home/student/catkin_ws/install/turtlebot_controller/share/colcon-core/packages/turtlebot_controller)
[13.857s] DEBUG:colcon.colcon_parallel_executor.executor.parallel:closing loop
[13.858s] DEBUG:colcon.colcon_parallel_executor.executor.parallel:loop closed
[13.858s] DEBUG:colcon.colcon_parallel_executor.executor.parallel:run_until_complete finished with '0'
[13.858s] DEBUG:colcon.colcon_core.event_reactor:joining thread
[13.869s] INFO:colcon.colcon_core.plugin_system:Skipping extension 'colcon_notification.desktop_notification.terminal_notifier': Not used on non-Darwin systems
[13.869s] INFO:colcon.colcon_core.plugin_system:Skipping extension 'colcon_notification.desktop_notification.win32': Not used on non-Windows systems
[13.869s] INFO:colcon.colcon_notification.desktop_notification:Sending desktop notification using 'notify2'
[13.915s] DEBUG:colcon.colcon_core.event_reactor:joined thread
[13.916s] INFO:colcon.colcon_core.shell:Creating prefix script '/home/student/catkin_ws/install/local_setup.ps1'
[13.917s] INFO:colcon.colcon_core.shell:Creating prefix util module '/home/student/catkin_ws/install/_local_setup_util_ps1.py'
[13.918s] INFO:colcon.colcon_core.shell:Creating prefix chain script '/home/student/catkin_ws/install/setup.ps1'
[13.919s] INFO:colcon.colcon_core.shell:Creating prefix script '/home/student/catkin_ws/install/local_setup.sh'
[13.919s] INFO:colcon.colcon_core.shell:Creating prefix util module '/home/student/catkin_ws/install/_local_setup_util_sh.py'
[13.920s] INFO:colcon.colcon_core.shell:Creating prefix chain script '/home/student/catkin_ws/install/setup.sh'
[13.921s] INFO:colcon.colcon_core.shell:Creating prefix script '/home/student/catkin_ws/install/local_setup.bash'
[13.922s] INFO:colcon.colcon_core.shell:Creating prefix chain script '/home/student/catkin_ws/install/setup.bash'
[13.922s] INFO:colcon.colcon_core.shell:Creating prefix script '/home/student/catkin_ws/install/local_setup.zsh'
[13.923s] INFO:colcon.colcon_core.shell:Creating prefix chain script '/home/student/catkin_ws/install/setup.zsh'
