[0.030s] Invoking command in '/home/student/catkin_ws/build/id_publisher': DEBUGINFOD_URLS=https://debuginfod.ubuntu.com /usr/bin/cmake --build /home/student/catkin_ws/build/id_publisher -- -j8 -l8
[0.137s] [ 50%] Built target subscriber
[0.138s] [100%] Built target id_publisher_node
[0.148s] Invoked command in '/home/student/catkin_ws/build/id_publisher' returned '0': DEBUGINFOD_URLS=https://debuginfod.ubuntu.com /usr/bin/cmake --build /home/student/catkin_ws/build/id_publisher -- -j8 -l8
[0.168s] Invoking command in '/home/student/catkin_ws/build/id_publisher': DEBUGINFOD_URLS=https://debuginfod.ubuntu.com /usr/bin/cmake --install /home/student/catkin_ws/build/id_publisher
[0.176s] -- Install configuration: ""
[0.201s] -- Up-to-date: /home/student/catkin_ws/install/id_publisher/lib/id_publisher/id_publisher_node
[0.220s] -- Up-to-date: /home/student/catkin_ws/install/id_publisher/lib/id_publisher/subscriber
[0.220s] -- Up-to-date: /home/student/catkin_ws/install/id_publisher/share/ament_index/resource_index/package_run_dependencies/id_publisher
[0.221s] -- Up-to-date: /home/student/catkin_ws/install/id_publisher/share/ament_index/resource_index/parent_prefix_path/id_publisher
[0.221s] -- Up-to-date: /home/student/catkin_ws/install/id_publisher/share/id_publisher/environment/ament_prefix_path.sh
[0.221s] -- Up-to-date: /home/student/catkin_ws/install/id_publisher/share/id_publisher/environment/ament_prefix_path.dsv
[0.221s] -- Up-to-date: /home/student/catkin_ws/install/id_publisher/share/id_publisher/environment/path.sh
[0.221s] -- Up-to-date: /home/student/catkin_ws/install/id_publisher/share/id_publisher/environment/path.dsv
[0.221s] -- Up-to-date: /home/student/catkin_ws/install/id_publisher/share/id_publisher/local_setup.bash
[0.221s] -- Up-to-date: /home/student/catkin_ws/install/id_publisher/share/id_publisher/local_setup.sh
[0.221s] -- Up-to-date: /home/student/catkin_ws/install/id_publisher/share/id_publisher/local_setup.zsh
[0.221s] -- Up-to-date: /home/student/catkin_ws/install/id_publisher/share/id_publisher/local_setup.dsv
[0.221s] -- Installing: /home/student/catkin_ws/install/id_publisher/share/id_publisher/package.dsv
[0.222s] -- Up-to-date: /home/student/catkin_ws/install/id_publisher/share/ament_index/resource_index/packages/id_publisher
[0.222s] -- Up-to-date: /home/student/catkin_ws/install/id_publisher/share/id_publisher/cmake/id_publisherConfig.cmake
[0.222s] -- Up-to-date: /home/student/catkin_ws/install/id_publisher/share/id_publisher/cmake/id_publisherConfig-version.cmake
[0.222s] -- Up-to-date: /home/student/catkin_ws/install/id_publisher/share/id_publisher/package.xml
[0.223s] Invoked command in '/home/student/catkin_ws/build/id_publisher' returned '0': DEBUGINFOD_URLS=https://debuginfod.ubuntu.com /usr/bin/cmake --install /home/student/catkin_ws/build/id_publisher
