[0.008s] Invoking command in '/home/student/catkin_ws/build/id_publisher': CMAKE_PREFIX_PATH=${CMAKE_PREFIX_PATH}:/opt/ros/jazzy DEBUGINFOD_URLS=https://debuginfod.ubuntu.com /usr/bin/cmake /home/student/catkin_ws/src/id_publisher -DCMAKE_INSTALL_PREFIX=/home/student/catkin_ws/install/id_publisher
[0.337s] -- The C compiler identification is GNU 13.3.0
[0.392s] -- The CXX compiler identification is GNU 13.3.0
[0.421s] -- Detecting C compiler ABI info
[0.528s] -- Detecting C compiler ABI info - done
[0.536s] -- Check for working C compiler: /usr/bin/cc - skipped
[0.537s] -- Detecting C compile features
[0.537s] -- Detecting C compile features - done
[0.545s] -- Detecting CXX compiler ABI info
[0.633s] -- Detecting CXX compiler ABI info - done
[0.643s] -- Check for working CXX compiler: /usr/bin/c++ - skipped
[0.643s] -- Detecting CXX compile features
[0.643s] -- Detecting CXX compile features - done
[0.646s] -- Found ament_cmake: 2.5.4 (/opt/ros/jazzy/share/ament_cmake/cmake)
[0.772s] -- Found Python3: /usr/bin/python3 (found version "3.12.3") found components: Interpreter 
[0.872s] -- Found rclcpp: 28.1.13 (/opt/ros/jazzy/share/rclcpp/cmake)
[0.908s] -- Found rosidl_generator_c: 4.6.6 (/opt/ros/jazzy/share/rosidl_generator_c/cmake)
[0.920s] -- Found rosidl_generator_cpp: 4.6.6 (/opt/ros/jazzy/share/rosidl_generator_cpp/cmake)
[0.935s] -- Using all available rosidl_typesupport_c: rosidl_typesupport_fastrtps_c;rosidl_typesupport_introspection_c
[0.952s] -- Using all available rosidl_typesupport_cpp: rosidl_typesupport_fastrtps_cpp;rosidl_typesupport_introspection_cpp
[1.025s] -- Found rmw_implementation_cmake: 7.3.2 (/opt/ros/jazzy/share/rmw_implementation_cmake/cmake)
[1.028s] -- Found rmw_fastrtps_cpp: 8.4.3 (/opt/ros/jazzy/share/rmw_fastrtps_cpp/cmake)
[1.107s] -- Found OpenSSL: /usr/lib/x86_64-linux-gnu/libcrypto.so (found version "3.0.13")  
[1.125s] -- Found FastRTPS: /opt/ros/jazzy/include (Required is at least version "2.13") 
[1.147s] -- Using RMW implementation 'rmw_fastrtps_cpp' as default
[1.219s] -- Found std_msgs: 5.3.6 (/opt/ros/jazzy/share/std_msgs/cmake)
[1.235s] -- Found ament_lint_auto: 0.17.3 (/opt/ros/jazzy/share/ament_lint_auto/cmake)
[1.330s] -- Added test 'cppcheck' to perform static code analysis on C / C++ code
[1.330s] -- Configured cppcheck include dirs: $<BUILD_INTERFACE:/home/student/catkin_ws/src/id_publisher/include>
[1.330s] -- Configured cppcheck exclude dirs and/or files: 
[1.331s] -- Added test 'lint_cmake' to check CMake code style
[1.332s] -- Added test 'uncrustify' to check C / C++ code style
[1.332s] -- Configured uncrustify additional arguments: 
[1.333s] -- Added test 'xmllint' to check XML markup files
[1.334s] -- Configuring done (1.3s)
[1.346s] -- Generating done (0.0s)
[1.351s] -- Build files have been written to: /home/student/catkin_ws/build/id_publisher
[1.359s] Invoked command in '/home/student/catkin_ws/build/id_publisher' returned '0': CMAKE_PREFIX_PATH=${CMAKE_PREFIX_PATH}:/opt/ros/jazzy DEBUGINFOD_URLS=https://debuginfod.ubuntu.com /usr/bin/cmake /home/student/catkin_ws/src/id_publisher -DCMAKE_INSTALL_PREFIX=/home/student/catkin_ws/install/id_publisher
[1.360s] Invoking command in '/home/student/catkin_ws/build/id_publisher': CMAKE_PREFIX_PATH=${CMAKE_PREFIX_PATH}:/opt/ros/jazzy DEBUGINFOD_URLS=https://debuginfod.ubuntu.com /usr/bin/cmake --build /home/student/catkin_ws/build/id_publisher -- -j8 -l8
[1.406s] [ 50%] [32mBuilding CXX object CMakeFiles/subscriber.dir/src/subscriber.cpp.o[0m
[1.407s] [ 50%] [32mBuilding CXX object CMakeFiles/id_publisher_node.dir/src/id_publisher_node.cpp.o[0m
[5.372s] [ 75%] [32m[1mLinking CXX executable id_publisher_node[0m
[5.534s] [ 75%] Built target id_publisher_node
[8.189s] [100%] [32m[1mLinking CXX executable subscriber[0m
[8.433s] [100%] Built target subscriber
[8.444s] Invoked command in '/home/student/catkin_ws/build/id_publisher' returned '0': CMAKE_PREFIX_PATH=${CMAKE_PREFIX_PATH}:/opt/ros/jazzy DEBUGINFOD_URLS=https://debuginfod.ubuntu.com /usr/bin/cmake --build /home/student/catkin_ws/build/id_publisher -- -j8 -l8
[8.453s] Invoking command in '/home/student/catkin_ws/build/id_publisher': CMAKE_PREFIX_PATH=${CMAKE_PREFIX_PATH}:/opt/ros/jazzy DEBUGINFOD_URLS=https://debuginfod.ubuntu.com /usr/bin/cmake --install /home/student/catkin_ws/build/id_publisher
[8.460s] -- Install configuration: ""
[8.460s] -- Installing: /home/student/catkin_ws/install/id_publisher/lib/id_publisher/id_publisher_node
[8.461s] -- Set non-toolchain portion of runtime path of "/home/student/catkin_ws/install/id_publisher/lib/id_publisher/id_publisher_node" to ""
[8.461s] -- Installing: /home/student/catkin_ws/install/id_publisher/lib/id_publisher/subscriber
[8.465s] -- Set non-toolchain portion of runtime path of "/home/student/catkin_ws/install/id_publisher/lib/id_publisher/subscriber" to ""
[8.465s] -- Installing: /home/student/catkin_ws/install/id_publisher/share/ament_index/resource_index/package_run_dependencies/id_publisher
[8.465s] -- Installing: /home/student/catkin_ws/install/id_publisher/share/ament_index/resource_index/parent_prefix_path/id_publisher
[8.465s] -- Installing: /home/student/catkin_ws/install/id_publisher/share/id_publisher/environment/ament_prefix_path.sh
[8.465s] -- Installing: /home/student/catkin_ws/install/id_publisher/share/id_publisher/environment/ament_prefix_path.dsv
[8.465s] -- Installing: /home/student/catkin_ws/install/id_publisher/share/id_publisher/environment/path.sh
[8.466s] -- Installing: /home/student/catkin_ws/install/id_publisher/share/id_publisher/environment/path.dsv
[8.466s] -- Installing: /home/student/catkin_ws/install/id_publisher/share/id_publisher/local_setup.bash
[8.466s] -- Installing: /home/student/catkin_ws/install/id_publisher/share/id_publisher/local_setup.sh
[8.466s] -- Installing: /home/student/catkin_ws/install/id_publisher/share/id_publisher/local_setup.zsh
[8.466s] -- Installing: /home/student/catkin_ws/install/id_publisher/share/id_publisher/local_setup.dsv
[8.466s] -- Installing: /home/student/catkin_ws/install/id_publisher/share/id_publisher/package.dsv
[8.466s] -- Installing: /home/student/catkin_ws/install/id_publisher/share/ament_index/resource_index/packages/id_publisher
[8.467s] -- Installing: /home/student/catkin_ws/install/id_publisher/share/id_publisher/cmake/id_publisherConfig.cmake
[8.467s] -- Installing: /home/student/catkin_ws/install/id_publisher/share/id_publisher/cmake/id_publisherConfig-version.cmake
[8.467s] -- Installing: /home/student/catkin_ws/install/id_publisher/share/id_publisher/package.xml
[8.469s] Invoked command in '/home/student/catkin_ws/build/id_publisher' returned '0': CMAKE_PREFIX_PATH=${CMAKE_PREFIX_PATH}:/opt/ros/jazzy DEBUGINFOD_URLS=https://debuginfod.ubuntu.com /usr/bin/cmake --install /home/student/catkin_ws/build/id_publisher
