[ 50%] Built target subscriber
[100%] Built target id_publisher_node
-- Install configuration: ""
-- Up-to-date: /home/student/catkin_ws/install/id_publisher/lib/id_publisher/id_publisher_node
-- Up-to-date: /home/student/catkin_ws/install/id_publisher/lib/id_publisher/subscriber
-- Up-to-date: /home/student/catkin_ws/install/id_publisher/share/ament_index/resource_index/package_run_dependencies/id_publisher
-- Up-to-date: /home/student/catkin_ws/install/id_publisher/share/ament_index/resource_index/parent_prefix_path/id_publisher
-- Up-to-date: /home/student/catkin_ws/install/id_publisher/share/id_publisher/environment/ament_prefix_path.sh
-- Up-to-date: /home/student/catkin_ws/install/id_publisher/share/id_publisher/environment/ament_prefix_path.dsv
-- Up-to-date: /home/student/catkin_ws/install/id_publisher/share/id_publisher/environment/path.sh
-- Up-to-date: /home/student/catkin_ws/install/id_publisher/share/id_publisher/environment/path.dsv
-- Up-to-date: /home/student/catkin_ws/install/id_publisher/share/id_publisher/local_setup.bash
-- Up-to-date: /home/student/catkin_ws/install/id_publisher/share/id_publisher/local_setup.sh
-- Up-to-date: /home/student/catkin_ws/install/id_publisher/share/id_publisher/local_setup.zsh
-- Up-to-date: /home/student/catkin_ws/install/id_publisher/share/id_publisher/local_setup.dsv
-- Installing: /home/student/catkin_ws/install/id_publisher/share/id_publisher/package.dsv
-- Up-to-date: /home/student/catkin_ws/install/id_publisher/share/ament_index/resource_index/packages/id_publisher
-- Up-to-date: /home/student/catkin_ws/install/id_publisher/share/id_publisher/cmake/id_publisherConfig.cmake
-- Up-to-date: /home/student/catkin_ws/install/id_publisher/share/id_publisher/cmake/id_publisherConfig-version.cmake
-- Up-to-date: /home/student/catkin_ws/install/id_publisher/share/id_publisher/package.xml
