[ 50%] Built target subscriber
[ 75%] [32mBuilding CXX object CMakeFiles/id_publisher_node.dir/src/id_publisher_node.cpp.o[0m
[100%] [32m[1mLinking CXX executable id_publisher_node[0m
[100%] Built target id_publisher_node
-- Install configuration: ""
-- Installing: /home/student/catkin_ws/install/id_publisher/lib/id_publisher/id_publisher_node
-- Set non-toolchain portion of runtime path of "/home/student/catkin_ws/install/id_publisher/lib/id_publisher/id_publisher_node" to ""
-- Up-to-date: /home/student/catkin_ws/install/id_publisher/lib/id_publisher/subscriber
-- Up-to-date: /home/student/catkin_ws/install/id_publisher/share/ament_index/resource_index/package_run_dependencies/id_publisher
-- Up-to-date: /home/student/catkin_ws/install/id_publisher/share/ament_index/resource_index/parent_prefix_path/id_publisher
-- Up-to-date: /home/student/catkin_ws/install/id_publisher/share/id_publisher/environment/ament_prefix_path.sh
-- Up-to-date: /home/student/catkin_ws/install/id_publisher/share/id_publisher/environment/ament_prefix_path.dsv
-- Up-to-date: /home/student/catkin_ws/install/id_publisher/share/id_publisher/environment/path.sh
-- Up-to-date: /home/student/catkin_ws/install/id_publisher/share/id_publisher/environment/path.dsv
-- Up-to-date: /home/student/catkin_ws/install/id_publisher/share/id_publisher/local_setup.bash
-- Up-to-date: /home/student/catkin_ws/install/id_publisher/share/id_publisher/local_setup.sh
-- Up-to-date: /home/student/catkin_ws/install/id_publisher/share/id_publisher/local_setup.zsh
-- Up-to-date: /home/student/catkin_ws/install/id_publisher/share/id_publisher/local_setup.dsv
-- Installing: /home/student/catkin_ws/install/id_publisher/share/id_publisher/package.dsv
-- Up-to-date: /home/student/catkin_ws/install/id_publisher/share/ament_index/resource_index/packages/id_publisher
-- Up-to-date: /home/student/catkin_ws/install/id_publisher/share/id_publisher/cmake/id_publisherConfig.cmake
-- Up-to-date: /home/student/catkin_ws/install/id_publisher/share/id_publisher/cmake/id_publisherConfig-version.cmake
-- Up-to-date: /home/student/catkin_ws/install/id_publisher/share/id_publisher/package.xml
