-- Found ament_cmake: 2.5.4 (/opt/ros/jazzy/share/ament_cmake/cmake)
-- Found rclcpp: 28.1.13 (/opt/ros/jazzy/share/rclcpp/cmake)
-- Found rosidl_generator_c: 4.6.6 (/opt/ros/jazzy/share/rosidl_generator_c/cmake)
-- Found rosidl_generator_cpp: 4.6.6 (/opt/ros/jazzy/share/rosidl_generator_cpp/cmake)
-- Using all available rosidl_typesupport_c: rosidl_typesupport_fastrtps_c;rosidl_typesupport_introspection_c
-- Using all available rosidl_typesupport_cpp: rosidl_typesupport_fastrtps_cpp;rosidl_typesupport_introspection_cpp
-- Found rmw_implementation_cmake: 7.3.2 (/opt/ros/jazzy/share/rmw_implementation_cmake/cmake)
-- Found rmw_fastrtps_cpp: 8.4.3 (/opt/ros/jazzy/share/rmw_fastrtps_cpp/cmake)
-- Using RMW implementation 'rmw_fastrtps_cpp' as default
-- Found std_msgs: 5.3.6 (/opt/ros/jazzy/share/std_msgs/cmake)
-- Found geometry_msgs: 5.3.6 (/opt/ros/jazzy/share/geometry_msgs/cmake)
-- Found turtlesim: 1.8.3 (/opt/ros/jazzy/share/turtlesim/cmake)
-- Found ament_lint_auto: 0.17.3 (/opt/ros/jazzy/share/ament_lint_auto/cmake)
-- Added test 'cppcheck' to perform static code analysis on C / C++ code
-- Configured cppcheck include dirs: 
-- Configured cppcheck exclude dirs and/or files: 
-- Added test 'lint_cmake' to check CMake code style
-- Added test 'uncrustify' to check C / C++ code style
-- Configured uncrustify additional arguments: 
-- Added test 'xmllint' to check XML markup files
-- Configuring done (0.6s)
-- Generating done (0.0s)
-- Build files have been written to: /home/student/catkin_ws/build/turtlebot_controller
[ 50%] [32mBuilding CXX object CMakeFiles/turtle_listener.dir/src/turtle_listener.cpp.o[0m
[100%] [32m[1mLinking CXX executable turtle_listener[0m
[100%] Built target turtle_listener
-- Install configuration: ""
-- Up-to-date: /home/student/catkin_ws/install/turtlebot_controller/share/ament_index/resource_index/package_run_dependencies/turtlebot_controller
-- Up-to-date: /home/student/catkin_ws/install/turtlebot_controller/share/ament_index/resource_index/parent_prefix_path/turtlebot_controller
-- Up-to-date: /home/student/catkin_ws/install/turtlebot_controller/share/turtlebot_controller/environment/ament_prefix_path.sh
-- Up-to-date: /home/student/catkin_ws/install/turtlebot_controller/share/turtlebot_controller/environment/ament_prefix_path.dsv
-- Up-to-date: /home/student/catkin_ws/install/turtlebot_controller/share/turtlebot_controller/environment/path.sh
-- Up-to-date: /home/student/catkin_ws/install/turtlebot_controller/share/turtlebot_controller/environment/path.dsv
-- Up-to-date: /home/student/catkin_ws/install/turtlebot_controller/share/turtlebot_controller/local_setup.bash
-- Up-to-date: /home/student/catkin_ws/install/turtlebot_controller/share/turtlebot_controller/local_setup.sh
-- Up-to-date: /home/student/catkin_ws/install/turtlebot_controller/share/turtlebot_controller/local_setup.zsh
-- Up-to-date: /home/student/catkin_ws/install/turtlebot_controller/share/turtlebot_controller/local_setup.dsv
-- Installing: /home/student/catkin_ws/install/turtlebot_controller/share/turtlebot_controller/package.dsv
-- Up-to-date: /home/student/catkin_ws/install/turtlebot_controller/share/ament_index/resource_index/packages/turtlebot_controller
-- Up-to-date: /home/student/catkin_ws/install/turtlebot_controller/share/turtlebot_controller/cmake/turtlebot_controllerConfig.cmake
-- Up-to-date: /home/student/catkin_ws/install/turtlebot_controller/share/turtlebot_controller/cmake/turtlebot_controllerConfig-version.cmake
-- Up-to-date: /home/student/catkin_ws/install/turtlebot_controller/share/turtlebot_controller/package.xml
-- Installing: /home/student/catkin_ws/install/turtlebot_controller/lib/turtlebot_controller/turtle_listener
-- Set non-toolchain portion of runtime path of "/home/student/catkin_ws/install/turtlebot_controller/lib/turtlebot_controller/turtle_listener" to ""
