[0.092s] DEBUG:colcon:Command line arguments: ['/usr/bin/colcon', 'build']
[0.092s] DEBUG:colcon:Parsed command line arguments: Namespace(log_base=None, log_level=None, verb_name='build', build_base='build', install_base='install', merge_install=False, symlink_install=False, test_result_base=None, continue_on_error=False, executor='parallel', parallel_workers=8, event_handlers=None, ignore_user_meta=False, metas=['./colcon.meta'], base_paths=['.'], packages_ignore=None, packages_ignore_regex=None, paths=None, packages_up_to=None, packages_up_to_regex=None, packages_above=None, packages_above_and_dependencies=None, packages_above_depth=None, packages_select_by_dep=None, packages_skip_by_dep=None, packages_skip_up_to=None, packages_select_build_failed=False, packages_skip_build_finished=False, packages_select_test_failures=False, packages_skip_test_passed=False, packages_select=None, packages_skip=None, packages_select_regex=None, packages_skip_regex=None, packages_start=None, packages_end=None, allow_overriding=[], cmake_args=None, cmake_target=None, cmake_target_skip_unavailable=False, cmake_clean_cache=False, cmake_clean_first=False, cmake_force_configure=False, ament_cmake_args=None, catkin_cmake_args=None, catkin_skip_building_tests=False, verb_parser=<colcon_defaults.argument_parser.defaults.DefaultArgumentsDecorator object at 0x70fac4c65970>, verb_extension=<colcon_core.verb.build.BuildVerb object at 0x70fac4d8a4b0>, main=<bound method BuildVerb.main of <colcon_core.verb.build.BuildVerb object at 0x70fac4d8a4b0>>)
[0.126s] Level 1:colcon.colcon_core.package_discovery:discover_packages(colcon_meta) check parameters
[0.126s] Level 1:colcon.colcon_core.package_discovery:discover_packages(recursive) check parameters
[0.126s] Level 1:colcon.colcon_core.package_discovery:discover_packages(ignore) check parameters
[0.126s] Level 1:colcon.colcon_core.package_discovery:discover_packages(path) check parameters
[0.126s] Level 1:colcon.colcon_core.package_discovery:discover_packages(colcon_meta) discover
[0.127s] Level 1:colcon.colcon_core.package_discovery:discover_packages(recursive) discover
[0.127s] INFO:colcon.colcon_core.package_discovery:Crawling recursively for packages in '/home/student/catkin_ws'
[0.127s] Level 1:colcon.colcon_core.package_identification:_identify(.) by extensions ['ignore', 'ignore_ament_install']
[0.127s] Level 1:colcon.colcon_core.package_identification:_identify(.) by extension 'ignore'
[0.127s] Level 1:colcon.colcon_core.package_identification:_identify(.) by extension 'ignore_ament_install'
[0.127s] Level 1:colcon.colcon_core.package_identification:_identify(.) by extensions ['colcon_pkg']
[0.127s] Level 1:colcon.colcon_core.package_identification:_identify(.) by extension 'colcon_pkg'
[0.127s] Level 1:colcon.colcon_core.package_identification:_identify(.) by extensions ['colcon_meta']
[0.127s] Level 1:colcon.colcon_core.package_identification:_identify(.) by extension 'colcon_meta'
[0.127s] Level 1:colcon.colcon_core.package_identification:_identify(.) by extensions ['ros']
[0.127s] Level 1:colcon.colcon_core.package_identification:_identify(.) by extension 'ros'
[0.150s] Level 1:colcon.colcon_core.package_identification:_identify(.) by extensions ['cmake', 'python']
[0.150s] Level 1:colcon.colcon_core.package_identification:_identify(.) by extension 'cmake'
[0.150s] Level 1:colcon.colcon_core.package_identification:_identify(.) by extension 'python'
[0.150s] Level 1:colcon.colcon_core.package_identification:_identify(.) by extensions ['python_setup_py']
[0.150s] Level 1:colcon.colcon_core.package_identification:_identify(.) by extension 'python_setup_py'
[0.150s] Level 1:colcon.colcon_core.package_identification:_identify(build) by extensions ['ignore', 'ignore_ament_install']
[0.150s] Level 1:colcon.colcon_core.package_identification:_identify(build) by extension 'ignore'
[0.151s] Level 1:colcon.colcon_core.package_identification:_identify(build) ignored
[0.151s] Level 1:colcon.colcon_core.package_identification:_identify(install) by extensions ['ignore', 'ignore_ament_install']
[0.151s] Level 1:colcon.colcon_core.package_identification:_identify(install) by extension 'ignore'
[0.151s] Level 1:colcon.colcon_core.package_identification:_identify(install) ignored
[0.151s] Level 1:colcon.colcon_core.package_identification:_identify(log) by extensions ['ignore', 'ignore_ament_install']
[0.151s] Level 1:colcon.colcon_core.package_identification:_identify(log) by extension 'ignore'
[0.151s] Level 1:colcon.colcon_core.package_identification:_identify(log) ignored
[0.151s] Level 1:colcon.colcon_core.package_identification:_identify(src) by extensions ['ignore', 'ignore_ament_install']
[0.151s] Level 1:colcon.colcon_core.package_identification:_identify(src) by extension 'ignore'
[0.151s] Level 1:colcon.colcon_core.package_identification:_identify(src) by extension 'ignore_ament_install'
[0.151s] Level 1:colcon.colcon_core.package_identification:_identify(src) by extensions ['colcon_pkg']
[0.151s] Level 1:colcon.colcon_core.package_identification:_identify(src) by extension 'colcon_pkg'
[0.151s] Level 1:colcon.colcon_core.package_identification:_identify(src) by extensions ['colcon_meta']
[0.151s] Level 1:colcon.colcon_core.package_identification:_identify(src) by extension 'colcon_meta'
[0.151s] Level 1:colcon.colcon_core.package_identification:_identify(src) by extensions ['ros']
[0.151s] Level 1:colcon.colcon_core.package_identification:_identify(src) by extension 'ros'
[0.151s] Level 1:colcon.colcon_core.package_identification:_identify(src) by extensions ['cmake', 'python']
[0.151s] Level 1:colcon.colcon_core.package_identification:_identify(src) by extension 'cmake'
[0.151s] Level 1:colcon.colcon_core.package_identification:_identify(src) by extension 'python'
[0.151s] Level 1:colcon.colcon_core.package_identification:_identify(src) by extensions ['python_setup_py']
[0.151s] Level 1:colcon.colcon_core.package_identification:_identify(src) by extension 'python_setup_py'
[0.152s] Level 1:colcon.colcon_core.package_identification:_identify(src/id_publisher) by extensions ['ignore', 'ignore_ament_install']
[0.152s] Level 1:colcon.colcon_core.package_identification:_identify(src/id_publisher) by extension 'ignore'
[0.152s] Level 1:colcon.colcon_core.package_identification:_identify(src/id_publisher) by extension 'ignore_ament_install'
[0.152s] Level 1:colcon.colcon_core.package_identification:_identify(src/id_publisher) by extensions ['colcon_pkg']
[0.152s] Level 1:colcon.colcon_core.package_identification:_identify(src/id_publisher) by extension 'colcon_pkg'
[0.152s] Level 1:colcon.colcon_core.package_identification:_identify(src/id_publisher) by extensions ['colcon_meta']
[0.152s] Level 1:colcon.colcon_core.package_identification:_identify(src/id_publisher) by extension 'colcon_meta'
[0.152s] Level 1:colcon.colcon_core.package_identification:_identify(src/id_publisher) by extensions ['ros']
[0.152s] Level 1:colcon.colcon_core.package_identification:_identify(src/id_publisher) by extension 'ros'
[0.154s] DEBUG:colcon.colcon_core.package_identification:Package 'src/id_publisher' with type 'ros.ament_cmake' and name 'id_publisher'
[0.154s] Level 1:colcon.colcon_core.package_identification:_identify(src/turtlebot_controller) by extensions ['ignore', 'ignore_ament_install']
[0.154s] Level 1:colcon.colcon_core.package_identification:_identify(src/turtlebot_controller) by extension 'ignore'
[0.154s] Level 1:colcon.colcon_core.package_identification:_identify(src/turtlebot_controller) by extension 'ignore_ament_install'
[0.154s] Level 1:colcon.colcon_core.package_identification:_identify(src/turtlebot_controller) by extensions ['colcon_pkg']
[0.154s] Level 1:colcon.colcon_core.package_identification:_identify(src/turtlebot_controller) by extension 'colcon_pkg'
[0.154s] Level 1:colcon.colcon_core.package_identification:_identify(src/turtlebot_controller) by extensions ['colcon_meta']
[0.154s] Level 1:colcon.colcon_core.package_identification:_identify(src/turtlebot_controller) by extension 'colcon_meta'
[0.154s] Level 1:colcon.colcon_core.package_identification:_identify(src/turtlebot_controller) by extensions ['ros']
[0.154s] Level 1:colcon.colcon_core.package_identification:_identify(src/turtlebot_controller) by extension 'ros'
[0.155s] DEBUG:colcon.colcon_core.package_identification:Package 'src/turtlebot_controller' with type 'ros.ament_cmake' and name 'turtlebot_controller'
[0.155s] Level 1:colcon.colcon_core.package_discovery:discover_packages(recursive) using defaults
[0.155s] Level 1:colcon.colcon_core.package_discovery:discover_packages(ignore) discover
[0.155s] Level 1:colcon.colcon_core.package_discovery:discover_packages(ignore) using defaults
[0.155s] Level 1:colcon.colcon_core.package_discovery:discover_packages(path) discover
[0.155s] Level 1:colcon.colcon_core.package_discovery:discover_packages(path) using defaults
[0.170s] Level 1:colcon.colcon_core.package_discovery:discover_packages(prefix_path) check parameters
[0.170s] Level 1:colcon.colcon_core.package_discovery:discover_packages(prefix_path) discover
[0.172s] DEBUG:colcon.colcon_installed_package_information.package_discovery:Found 285 installed packages in /opt/ros/jazzy
[0.173s] Level 1:colcon.colcon_core.package_discovery:discover_packages(prefix_path) using defaults
[0.213s] Level 5:colcon.colcon_core.verb:set package 'id_publisher' build argument 'cmake_args' from command line to 'None'
[0.213s] Level 5:colcon.colcon_core.verb:set package 'id_publisher' build argument 'cmake_target' from command line to 'None'
[0.213s] Level 5:colcon.colcon_core.verb:set package 'id_publisher' build argument 'cmake_target_skip_unavailable' from command line to 'False'
[0.213s] Level 5:colcon.colcon_core.verb:set package 'id_publisher' build argument 'cmake_clean_cache' from command line to 'False'
[0.213s] Level 5:colcon.colcon_core.verb:set package 'id_publisher' build argument 'cmake_clean_first' from command line to 'False'
[0.213s] Level 5:colcon.colcon_core.verb:set package 'id_publisher' build argument 'cmake_force_configure' from command line to 'False'
[0.213s] Level 5:colcon.colcon_core.verb:set package 'id_publisher' build argument 'ament_cmake_args' from command line to 'None'
[0.213s] Level 5:colcon.colcon_core.verb:set package 'id_publisher' build argument 'catkin_cmake_args' from command line to 'None'
[0.213s] Level 5:colcon.colcon_core.verb:set package 'id_publisher' build argument 'catkin_skip_building_tests' from command line to 'False'
[0.213s] DEBUG:colcon.colcon_core.verb:Building package 'id_publisher' with the following arguments: {'ament_cmake_args': None, 'build_base': '/home/student/catkin_ws/build/id_publisher', 'catkin_cmake_args': None, 'catkin_skip_building_tests': False, 'cmake_args': None, 'cmake_clean_cache': False, 'cmake_clean_first': False, 'cmake_force_configure': False, 'cmake_target': None, 'cmake_target_skip_unavailable': False, 'install_base': '/home/student/catkin_ws/install/id_publisher', 'merge_install': False, 'path': '/home/student/catkin_ws/src/id_publisher', 'symlink_install': False, 'test_result_base': None}
[0.214s] Level 5:colcon.colcon_core.verb:set package 'turtlebot_controller' build argument 'cmake_args' from command line to 'None'
[0.214s] Level 5:colcon.colcon_core.verb:set package 'turtlebot_controller' build argument 'cmake_target' from command line to 'None'
[0.214s] Level 5:colcon.colcon_core.verb:set package 'turtlebot_controller' build argument 'cmake_target_skip_unavailable' from command line to 'False'
[0.214s] Level 5:colcon.colcon_core.verb:set package 'turtlebot_controller' build argument 'cmake_clean_cache' from command line to 'False'
[0.214s] Level 5:colcon.colcon_core.verb:set package 'turtlebot_controller' build argument 'cmake_clean_first' from command line to 'False'
[0.214s] Level 5:colcon.colcon_core.verb:set package 'turtlebot_controller' build argument 'cmake_force_configure' from command line to 'False'
[0.214s] Level 5:colcon.colcon_core.verb:set package 'turtlebot_controller' build argument 'ament_cmake_args' from command line to 'None'
[0.214s] Level 5:colcon.colcon_core.verb:set package 'turtlebot_controller' build argument 'catkin_cmake_args' from command line to 'None'
[0.214s] Level 5:colcon.colcon_core.verb:set package 'turtlebot_controller' build argument 'catkin_skip_building_tests' from command line to 'False'
[0.214s] DEBUG:colcon.colcon_core.verb:Building package 'turtlebot_controller' with the following arguments: {'ament_cmake_args': None, 'build_base': '/home/student/catkin_ws/build/turtlebot_controller', 'catkin_cmake_args': None, 'catkin_skip_building_tests': False, 'cmake_args': None, 'cmake_clean_cache': False, 'cmake_clean_first': False, 'cmake_force_configure': False, 'cmake_target': None, 'cmake_target_skip_unavailable': False, 'install_base': '/home/student/catkin_ws/install/turtlebot_controller', 'merge_install': False, 'path': '/home/student/catkin_ws/src/turtlebot_controller', 'symlink_install': False, 'test_result_base': None}
[0.214s] INFO:colcon.colcon_core.executor:Executing jobs using 'parallel' executor
[0.215s] DEBUG:colcon.colcon_parallel_executor.executor.parallel:run_until_complete
[0.216s] INFO:colcon.colcon_ros.task.ament_cmake.build:Building ROS package in '/home/student/catkin_ws/src/id_publisher' with build type 'ament_cmake'
[0.216s] INFO:colcon.colcon_cmake.task.cmake.build:Building CMake package in '/home/student/catkin_ws/src/id_publisher'
[0.218s] INFO:colcon.colcon_core.plugin_system:Skipping extension 'colcon_core.shell.bat': Not used on non-Windows systems
[0.218s] INFO:colcon.colcon_core.shell:Skip shell extension 'powershell' for command environment: Not usable outside of PowerShell
[0.218s] DEBUG:colcon.colcon_core.shell:Skip shell extension 'dsv' for command environment
[0.221s] INFO:colcon.colcon_ros.task.ament_cmake.build:Building ROS package in '/home/student/catkin_ws/src/turtlebot_controller' with build type 'ament_cmake'
[0.221s] INFO:colcon.colcon_cmake.task.cmake.build:Building CMake package in '/home/student/catkin_ws/src/turtlebot_controller'
[0.221s] INFO:colcon.colcon_core.shell:Skip shell extension 'powershell' for command environment: Not usable outside of PowerShell
[0.221s] DEBUG:colcon.colcon_core.shell:Skip shell extension 'dsv' for command environment
[0.227s] DEBUG:colcon.colcon_core.event_handler.log_command:Invoking command in '/home/student/catkin_ws/build/id_publisher': CMAKE_PREFIX_PATH=${CMAKE_PREFIX_PATH}:/opt/ros/jazzy DEBUGINFOD_URLS=https://debuginfod.ubuntu.com /usr/bin/cmake --build /home/student/catkin_ws/build/id_publisher -- -j8 -l8
[0.231s] DEBUG:colcon.colcon_core.event_handler.log_command:Invoking command in '/home/student/catkin_ws/build/turtlebot_controller': CMAKE_PREFIX_PATH=${CMAKE_PREFIX_PATH}:/opt/ros/jazzy DEBUGINFOD_URLS=https://debuginfod.ubuntu.com /usr/bin/cmake --build /home/student/catkin_ws/build/turtlebot_controller -- -j8 -l8
[0.290s] DEBUG:colcon.colcon_core.event_handler.log_command:Invoked command in '/home/student/catkin_ws/build/id_publisher' returned '0': CMAKE_PREFIX_PATH=${CMAKE_PREFIX_PATH}:/opt/ros/jazzy DEBUGINFOD_URLS=https://debuginfod.ubuntu.com /usr/bin/cmake --build /home/student/catkin_ws/build/id_publisher -- -j8 -l8
[0.300s] DEBUG:colcon.colcon_core.event_handler.log_command:Invoking command in '/home/student/catkin_ws/build/id_publisher': CMAKE_PREFIX_PATH=${CMAKE_PREFIX_PATH}:/opt/ros/jazzy DEBUGINFOD_URLS=https://debuginfod.ubuntu.com /usr/bin/cmake --install /home/student/catkin_ws/build/id_publisher
[0.311s] Level 1:colcon.colcon_core.environment:create_environment_scripts_only(id_publisher)
[0.311s] DEBUG:colcon.colcon_core.event_handler.log_command:Invoked command in '/home/student/catkin_ws/build/id_publisher' returned '0': CMAKE_PREFIX_PATH=${CMAKE_PREFIX_PATH}:/opt/ros/jazzy DEBUGINFOD_URLS=https://debuginfod.ubuntu.com /usr/bin/cmake --install /home/student/catkin_ws/build/id_publisher
[0.313s] Level 1:colcon.colcon_core.environment:checking '/home/student/catkin_ws/install/id_publisher' for CMake module files
[0.313s] Level 1:colcon.colcon_core.environment:checking '/home/student/catkin_ws/install/id_publisher' for CMake config files
[0.313s] Level 1:colcon.colcon_core.shell:create_environment_hook('id_publisher', 'cmake_prefix_path')
[0.314s] INFO:colcon.colcon_core.shell:Creating environment hook '/home/student/catkin_ws/install/id_publisher/share/id_publisher/hook/cmake_prefix_path.ps1'
[0.314s] INFO:colcon.colcon_core.shell:Creating environment descriptor '/home/student/catkin_ws/install/id_publisher/share/id_publisher/hook/cmake_prefix_path.dsv'
[0.314s] INFO:colcon.colcon_core.shell:Creating environment hook '/home/student/catkin_ws/install/id_publisher/share/id_publisher/hook/cmake_prefix_path.sh'
[0.315s] Level 1:colcon.colcon_core.environment:checking '/home/student/catkin_ws/install/id_publisher/lib'
[0.315s] Level 1:colcon.colcon_core.environment:checking '/home/student/catkin_ws/install/id_publisher/bin'
[0.315s] Level 1:colcon.colcon_core.environment:checking '/home/student/catkin_ws/install/id_publisher/lib/pkgconfig/id_publisher.pc'
[0.316s] Level 1:colcon.colcon_core.environment:checking '/home/student/catkin_ws/install/id_publisher/lib/python3.12/site-packages'
[0.316s] Level 1:colcon.colcon_core.environment:checking '/home/student/catkin_ws/install/id_publisher/bin'
[0.316s] INFO:colcon.colcon_core.shell:Creating package script '/home/student/catkin_ws/install/id_publisher/share/id_publisher/package.ps1'
[0.317s] INFO:colcon.colcon_core.shell:Creating package descriptor '/home/student/catkin_ws/install/id_publisher/share/id_publisher/package.dsv'
[0.317s] INFO:colcon.colcon_core.shell:Creating package script '/home/student/catkin_ws/install/id_publisher/share/id_publisher/package.sh'
[0.318s] INFO:colcon.colcon_core.shell:Creating package script '/home/student/catkin_ws/install/id_publisher/share/id_publisher/package.bash'
[0.318s] INFO:colcon.colcon_core.shell:Creating package script '/home/student/catkin_ws/install/id_publisher/share/id_publisher/package.zsh'
[0.319s] Level 1:colcon.colcon_core.environment:create_file_with_runtime_dependencies(/home/student/catkin_ws/install/id_publisher/share/colcon-core/packages/id_publisher)
[0.320s] Level 1:colcon.colcon_core.environment:create_environment_scripts_only(id_publisher)
[0.320s] Level 1:colcon.colcon_core.environment:checking '/home/student/catkin_ws/install/id_publisher' for CMake module files
[0.320s] Level 1:colcon.colcon_core.environment:checking '/home/student/catkin_ws/install/id_publisher' for CMake config files
[0.320s] Level 1:colcon.colcon_core.shell:create_environment_hook('id_publisher', 'cmake_prefix_path')
[0.320s] INFO:colcon.colcon_core.shell:Creating environment hook '/home/student/catkin_ws/install/id_publisher/share/id_publisher/hook/cmake_prefix_path.ps1'
[0.321s] INFO:colcon.colcon_core.shell:Creating environment descriptor '/home/student/catkin_ws/install/id_publisher/share/id_publisher/hook/cmake_prefix_path.dsv'
[0.321s] INFO:colcon.colcon_core.shell:Creating environment hook '/home/student/catkin_ws/install/id_publisher/share/id_publisher/hook/cmake_prefix_path.sh'
[0.321s] Level 1:colcon.colcon_core.environment:checking '/home/student/catkin_ws/install/id_publisher/lib'
[0.322s] Level 1:colcon.colcon_core.environment:checking '/home/student/catkin_ws/install/id_publisher/bin'
[0.322s] Level 1:colcon.colcon_core.environment:checking '/home/student/catkin_ws/install/id_publisher/lib/pkgconfig/id_publisher.pc'
[0.322s] Level 1:colcon.colcon_core.environment:checking '/home/student/catkin_ws/install/id_publisher/lib/python3.12/site-packages'
[0.322s] Level 1:colcon.colcon_core.environment:checking '/home/student/catkin_ws/install/id_publisher/bin'
[0.322s] INFO:colcon.colcon_core.shell:Creating package script '/home/student/catkin_ws/install/id_publisher/share/id_publisher/package.ps1'
[0.323s] INFO:colcon.colcon_core.shell:Creating package descriptor '/home/student/catkin_ws/install/id_publisher/share/id_publisher/package.dsv'
[0.323s] INFO:colcon.colcon_core.shell:Creating package script '/home/student/catkin_ws/install/id_publisher/share/id_publisher/package.sh'
[0.323s] INFO:colcon.colcon_core.shell:Creating package script '/home/student/catkin_ws/install/id_publisher/share/id_publisher/package.bash'
[0.324s] INFO:colcon.colcon_core.shell:Creating package script '/home/student/catkin_ws/install/id_publisher/share/id_publisher/package.zsh'
[0.324s] Level 1:colcon.colcon_core.environment:create_file_with_runtime_dependencies(/home/student/catkin_ws/install/id_publisher/share/colcon-core/packages/id_publisher)
[9.667s] DEBUG:colcon.colcon_core.event_handler.log_command:Invoked command in '/home/student/catkin_ws/build/turtlebot_controller' returned '0': CMAKE_PREFIX_PATH=${CMAKE_PREFIX_PATH}:/opt/ros/jazzy DEBUGINFOD_URLS=https://debuginfod.ubuntu.com /usr/bin/cmake --build /home/student/catkin_ws/build/turtlebot_controller -- -j8 -l8
[9.668s] DEBUG:colcon.colcon_core.event_handler.log_command:Invoking command in '/home/student/catkin_ws/build/turtlebot_controller': CMAKE_PREFIX_PATH=${CMAKE_PREFIX_PATH}:/opt/ros/jazzy DEBUGINFOD_URLS=https://debuginfod.ubuntu.com /usr/bin/cmake --install /home/student/catkin_ws/build/turtlebot_controller
[9.683s] Level 1:colcon.colcon_core.environment:create_environment_scripts_only(turtlebot_controller)
[9.683s] Level 1:colcon.colcon_core.environment:checking '/home/student/catkin_ws/install/turtlebot_controller' for CMake module files
[9.683s] DEBUG:colcon.colcon_core.event_handler.log_command:Invoked command in '/home/student/catkin_ws/build/turtlebot_controller' returned '0': CMAKE_PREFIX_PATH=${CMAKE_PREFIX_PATH}:/opt/ros/jazzy DEBUGINFOD_URLS=https://debuginfod.ubuntu.com /usr/bin/cmake --install /home/student/catkin_ws/build/turtlebot_controller
[9.684s] Level 1:colcon.colcon_core.environment:checking '/home/student/catkin_ws/install/turtlebot_controller' for CMake config files
[9.684s] Level 1:colcon.colcon_core.shell:create_environment_hook('turtlebot_controller', 'cmake_prefix_path')
[9.684s] INFO:colcon.colcon_core.shell:Creating environment hook '/home/student/catkin_ws/install/turtlebot_controller/share/turtlebot_controller/hook/cmake_prefix_path.ps1'
[9.684s] INFO:colcon.colcon_core.shell:Creating environment descriptor '/home/student/catkin_ws/install/turtlebot_controller/share/turtlebot_controller/hook/cmake_prefix_path.dsv'
[9.685s] INFO:colcon.colcon_core.shell:Creating environment hook '/home/student/catkin_ws/install/turtlebot_controller/share/turtlebot_controller/hook/cmake_prefix_path.sh'
[9.685s] Level 1:colcon.colcon_core.environment:checking '/home/student/catkin_ws/install/turtlebot_controller/lib'
[9.685s] Level 1:colcon.colcon_core.environment:checking '/home/student/catkin_ws/install/turtlebot_controller/bin'
[9.685s] Level 1:colcon.colcon_core.environment:checking '/home/student/catkin_ws/install/turtlebot_controller/lib/pkgconfig/turtlebot_controller.pc'
[9.686s] Level 1:colcon.colcon_core.environment:checking '/home/student/catkin_ws/install/turtlebot_controller/lib/python3.12/site-packages'
[9.686s] Level 1:colcon.colcon_core.environment:checking '/home/student/catkin_ws/install/turtlebot_controller/bin'
[9.686s] INFO:colcon.colcon_core.shell:Creating package script '/home/student/catkin_ws/install/turtlebot_controller/share/turtlebot_controller/package.ps1'
[9.687s] INFO:colcon.colcon_core.shell:Creating package descriptor '/home/student/catkin_ws/install/turtlebot_controller/share/turtlebot_controller/package.dsv'
[9.687s] INFO:colcon.colcon_core.shell:Creating package script '/home/student/catkin_ws/install/turtlebot_controller/share/turtlebot_controller/package.sh'
[9.687s] INFO:colcon.colcon_core.shell:Creating package script '/home/student/catkin_ws/install/turtlebot_controller/share/turtlebot_controller/package.bash'
[9.688s] INFO:colcon.colcon_core.shell:Creating package script '/home/student/catkin_ws/install/turtlebot_controller/share/turtlebot_controller/package.zsh'
[9.688s] Level 1:colcon.colcon_core.environment:create_file_with_runtime_dependencies(/home/student/catkin_ws/install/turtlebot_controller/share/colcon-core/packages/turtlebot_controller)
[9.689s] Level 1:colcon.colcon_core.environment:create_environment_scripts_only(turtlebot_controller)
[9.689s] Level 1:colcon.colcon_core.environment:checking '/home/student/catkin_ws/install/turtlebot_controller' for CMake module files
[9.690s] Level 1:colcon.colcon_core.environment:checking '/home/student/catkin_ws/install/turtlebot_controller' for CMake config files
[9.690s] Level 1:colcon.colcon_core.shell:create_environment_hook('turtlebot_controller', 'cmake_prefix_path')
[9.690s] INFO:colcon.colcon_core.shell:Creating environment hook '/home/student/catkin_ws/install/turtlebot_controller/share/turtlebot_controller/hook/cmake_prefix_path.ps1'
[9.690s] INFO:colcon.colcon_core.shell:Creating environment descriptor '/home/student/catkin_ws/install/turtlebot_controller/share/turtlebot_controller/hook/cmake_prefix_path.dsv'
[9.690s] INFO:colcon.colcon_core.shell:Creating environment hook '/home/student/catkin_ws/install/turtlebot_controller/share/turtlebot_controller/hook/cmake_prefix_path.sh'
[9.691s] Level 1:colcon.colcon_core.environment:checking '/home/student/catkin_ws/install/turtlebot_controller/lib'
[9.691s] Level 1:colcon.colcon_core.environment:checking '/home/student/catkin_ws/install/turtlebot_controller/bin'
[9.691s] Level 1:colcon.colcon_core.environment:checking '/home/student/catkin_ws/install/turtlebot_controller/lib/pkgconfig/turtlebot_controller.pc'
[9.691s] Level 1:colcon.colcon_core.environment:checking '/home/student/catkin_ws/install/turtlebot_controller/lib/python3.12/site-packages'
[9.692s] Level 1:colcon.colcon_core.environment:checking '/home/student/catkin_ws/install/turtlebot_controller/bin'
[9.692s] INFO:colcon.colcon_core.shell:Creating package script '/home/student/catkin_ws/install/turtlebot_controller/share/turtlebot_controller/package.ps1'
[9.692s] INFO:colcon.colcon_core.shell:Creating package descriptor '/home/student/catkin_ws/install/turtlebot_controller/share/turtlebot_controller/package.dsv'
[9.692s] INFO:colcon.colcon_core.shell:Creating package script '/home/student/catkin_ws/install/turtlebot_controller/share/turtlebot_controller/package.sh'
[9.693s] INFO:colcon.colcon_core.shell:Creating package script '/home/student/catkin_ws/install/turtlebot_controller/share/turtlebot_controller/package.bash'
[9.693s] INFO:colcon.colcon_core.shell:Creating package script '/home/student/catkin_ws/install/turtlebot_controller/share/turtlebot_controller/package.zsh'
[9.693s] Level 1:colcon.colcon_core.environment:create_file_with_runtime_dependencies(/home/student/catkin_ws/install/turtlebot_controller/share/colcon-core/packages/turtlebot_controller)
[9.694s] DEBUG:colcon.colcon_parallel_executor.executor.parallel:closing loop
[9.694s] DEBUG:colcon.colcon_parallel_executor.executor.parallel:loop closed
[9.694s] DEBUG:colcon.colcon_parallel_executor.executor.parallel:run_until_complete finished with '0'
[9.694s] DEBUG:colcon.colcon_core.event_reactor:joining thread
[9.698s] INFO:colcon.colcon_core.plugin_system:Skipping extension 'colcon_notification.desktop_notification.terminal_notifier': Not used on non-Darwin systems
[9.699s] INFO:colcon.colcon_core.plugin_system:Skipping extension 'colcon_notification.desktop_notification.win32': Not used on non-Windows systems
[9.699s] INFO:colcon.colcon_notification.desktop_notification:Sending desktop notification using 'notify2'
[9.710s] DEBUG:colcon.colcon_core.event_reactor:joined thread
[9.711s] INFO:colcon.colcon_core.shell:Creating prefix script '/home/student/catkin_ws/install/local_setup.ps1'
[9.712s] INFO:colcon.colcon_core.shell:Creating prefix util module '/home/student/catkin_ws/install/_local_setup_util_ps1.py'
[9.714s] INFO:colcon.colcon_core.shell:Creating prefix chain script '/home/student/catkin_ws/install/setup.ps1'
[9.715s] INFO:colcon.colcon_core.shell:Creating prefix script '/home/student/catkin_ws/install/local_setup.sh'
[9.715s] INFO:colcon.colcon_core.shell:Creating prefix util module '/home/student/catkin_ws/install/_local_setup_util_sh.py'
[9.716s] INFO:colcon.colcon_core.shell:Creating prefix chain script '/home/student/catkin_ws/install/setup.sh'
[9.717s] INFO:colcon.colcon_core.shell:Creating prefix script '/home/student/catkin_ws/install/local_setup.bash'
[9.717s] INFO:colcon.colcon_core.shell:Creating prefix chain script '/home/student/catkin_ws/install/setup.bash'
[9.718s] INFO:colcon.colcon_core.shell:Creating prefix script '/home/student/catkin_ws/install/local_setup.zsh'
[9.718s] INFO:colcon.colcon_core.shell:Creating prefix chain script '/home/student/catkin_ws/install/setup.zsh'
