[0.008s] Invoking command in '/home/student/catkin_ws/build/turtlebot_controller': CMAKE_PREFIX_PATH=${CMAKE_PREFIX_PATH}:/opt/ros/jazzy DEBUGINFOD_URLS=https://debuginfod.ubuntu.com /usr/bin/cmake /home/student/catkin_ws/src/turtlebot_controller -DCMAKE_INSTALL_PREFIX=/home/student/catkin_ws/install/turtlebot_controller
[0.058s] -- The C compiler identification is GNU 13.3.0
[0.116s] -- The CXX compiler identification is GNU 13.3.0
[0.130s] -- Detecting C compiler ABI info
[0.210s] -- Detecting C compiler ABI info - done
[0.220s] -- Check for working C compiler: /usr/bin/cc - skipped
[0.220s] -- Detecting C compile features
[0.220s] -- Detecting C compile features - done
[0.228s] -- Detecting CXX compiler ABI info
[0.316s] -- Detecting CXX compiler ABI info - done
[0.325s] -- Check for working CXX compiler: /usr/bin/c++ - skipped
[0.326s] -- Detecting CXX compile features
[0.326s] -- Detecting CXX compile features - done
[0.328s] -- Found ament_cmake: 2.5.4 (/opt/ros/jazzy/share/ament_cmake/cmake)
[0.455s] -- Found Python3: /usr/bin/python3 (found version "3.12.3") found components: Interpreter 
[0.545s] -- Found rclcpp: 28.1.13 (/opt/ros/jazzy/share/rclcpp/cmake)
[0.581s] -- Found rosidl_generator_c: 4.6.6 (/opt/ros/jazzy/share/rosidl_generator_c/cmake)
[0.596s] -- Found rosidl_generator_cpp: 4.6.6 (/opt/ros/jazzy/share/rosidl_generator_cpp/cmake)
[0.617s] -- Using all available rosidl_typesupport_c: rosidl_typesupport_fastrtps_c;rosidl_typesupport_introspection_c
[0.634s] -- Using all available rosidl_typesupport_cpp: rosidl_typesupport_fastrtps_cpp;rosidl_typesupport_introspection_cpp
[0.713s] -- Found rmw_implementation_cmake: 7.3.2 (/opt/ros/jazzy/share/rmw_implementation_cmake/cmake)
[0.715s] -- Found rmw_fastrtps_cpp: 8.4.3 (/opt/ros/jazzy/share/rmw_fastrtps_cpp/cmake)
[0.785s] -- Found OpenSSL: /usr/lib/x86_64-linux-gnu/libcrypto.so (found version "3.0.13")  
[0.803s] -- Found FastRTPS: /opt/ros/jazzy/include (Required is at least version "2.13") 
[0.825s] -- Using RMW implementation 'rmw_fastrtps_cpp' as default
[0.901s] -- Found std_msgs: 5.3.6 (/opt/ros/jazzy/share/std_msgs/cmake)
[0.916s] -- Found geometry_msgs: 5.3.6 (/opt/ros/jazzy/share/geometry_msgs/cmake)
[0.932s] -- Found turtlesim: 1.8.3 (/opt/ros/jazzy/share/turtlesim/cmake)
[0.991s] -- Found ament_lint_auto: 0.17.3 (/opt/ros/jazzy/share/ament_lint_auto/cmake)
[1.083s] -- Added test 'cppcheck' to perform static code analysis on C / C++ code
[1.083s] -- Configured cppcheck include dirs: 
[1.083s] -- Configured cppcheck exclude dirs and/or files: 
[1.084s] -- Added test 'lint_cmake' to check CMake code style
[1.085s] -- Added test 'uncrustify' to check C / C++ code style
[1.085s] -- Configured uncrustify additional arguments: 
[1.086s] -- Added test 'xmllint' to check XML markup files
[1.088s] -- Configuring done (1.1s)
[1.098s] -- Generating done (0.0s)
[1.102s] -- Build files have been written to: /home/student/catkin_ws/build/turtlebot_controller
[1.111s] Invoked command in '/home/student/catkin_ws/build/turtlebot_controller' returned '0': CMAKE_PREFIX_PATH=${CMAKE_PREFIX_PATH}:/opt/ros/jazzy DEBUGINFOD_URLS=https://debuginfod.ubuntu.com /usr/bin/cmake /home/student/catkin_ws/src/turtlebot_controller -DCMAKE_INSTALL_PREFIX=/home/student/catkin_ws/install/turtlebot_controller
[1.112s] Invoking command in '/home/student/catkin_ws/build/turtlebot_controller': CMAKE_PREFIX_PATH=${CMAKE_PREFIX_PATH}:/opt/ros/jazzy DEBUGINFOD_URLS=https://debuginfod.ubuntu.com /usr/bin/cmake --build /home/student/catkin_ws/build/turtlebot_controller -- -j8 -l8
[1.160s] [ 50%] [32mBuilding CXX object CMakeFiles/turtle_listener.dir/src/turtle_listener.cpp.o[0m
[7.903s] [100%] [32m[1mLinking CXX executable turtle_listener[0m
[8.151s] [100%] Built target turtle_listener
[8.161s] Invoked command in '/home/student/catkin_ws/build/turtlebot_controller' returned '0': CMAKE_PREFIX_PATH=${CMAKE_PREFIX_PATH}:/opt/ros/jazzy DEBUGINFOD_URLS=https://debuginfod.ubuntu.com /usr/bin/cmake --build /home/student/catkin_ws/build/turtlebot_controller -- -j8 -l8
[8.163s] Invoking command in '/home/student/catkin_ws/build/turtlebot_controller': CMAKE_PREFIX_PATH=${CMAKE_PREFIX_PATH}:/opt/ros/jazzy DEBUGINFOD_URLS=https://debuginfod.ubuntu.com /usr/bin/cmake --install /home/student/catkin_ws/build/turtlebot_controller
[8.170s] -- Install configuration: ""
[8.170s] -- Installing: /home/student/catkin_ws/install/turtlebot_controller/share/ament_index/resource_index/package_run_dependencies/turtlebot_controller
[8.171s] -- Installing: /home/student/catkin_ws/install/turtlebot_controller/share/ament_index/resource_index/parent_prefix_path/turtlebot_controller
[8.171s] -- Installing: /home/student/catkin_ws/install/turtlebot_controller/share/turtlebot_controller/environment/ament_prefix_path.sh
[8.171s] -- Installing: /home/student/catkin_ws/install/turtlebot_controller/share/turtlebot_controller/environment/ament_prefix_path.dsv
[8.171s] -- Installing: /home/student/catkin_ws/install/turtlebot_controller/share/turtlebot_controller/environment/path.sh
[8.171s] -- Installing: /home/student/catkin_ws/install/turtlebot_controller/share/turtlebot_controller/environment/path.dsv
[8.172s] -- Installing: /home/student/catkin_ws/install/turtlebot_controller/share/turtlebot_controller/local_setup.bash
[8.172s] -- Installing: /home/student/catkin_ws/install/turtlebot_controller/share/turtlebot_controller/local_setup.sh
[8.172s] -- Installing: /home/student/catkin_ws/install/turtlebot_controller/share/turtlebot_controller/local_setup.zsh
[8.172s] -- Installing: /home/student/catkin_ws/install/turtlebot_controller/share/turtlebot_controller/local_setup.dsv
[8.172s] -- Installing: /home/student/catkin_ws/install/turtlebot_controller/share/turtlebot_controller/package.dsv
[8.172s] -- Installing: /home/student/catkin_ws/install/turtlebot_controller/share/ament_index/resource_index/packages/turtlebot_controller
[8.172s] -- Installing: /home/student/catkin_ws/install/turtlebot_controller/share/turtlebot_controller/cmake/turtlebot_controllerConfig.cmake
[8.172s] -- Installing: /home/student/catkin_ws/install/turtlebot_controller/share/turtlebot_controller/cmake/turtlebot_controllerConfig-version.cmake
[8.172s] -- Installing: /home/student/catkin_ws/install/turtlebot_controller/share/turtlebot_controller/package.xml
[8.173s] -- Installing: /home/student/catkin_ws/install/turtlebot_controller/lib/turtlebot_controller/turtle_listener
[8.176s] -- Set non-toolchain portion of runtime path of "/home/student/catkin_ws/install/turtlebot_controller/lib/turtlebot_controller/turtle_listener" to ""
[8.178s] Invoked command in '/home/student/catkin_ws/build/turtlebot_controller' returned '0': CMAKE_PREFIX_PATH=${CMAKE_PREFIX_PATH}:/opt/ros/jazzy DEBUGINFOD_URLS=https://debuginfod.ubuntu.com /usr/bin/cmake --install /home/student/catkin_ws/build/turtlebot_controller
